<?xml version="1.0" encoding="UTF-8"?>
<robot generator="Robot 4.0.3 (Python 3.7.4 on win32)" generated="20210809 10:49:49.134" rpa="false" schemaversion="2">
<suite id="s1" name="Test-Case" source="C:\Estudo\PageObjectExample\test\test-case">
<suite id="s1-s1" name="Cadastro usuario" source="C:\Estudo\PageObjectExample\test\test-case\Cadastro_usuario.robot">
<test id="s1-s1-t1" name="Cenario 1: Abrir tela de cadastro">
<kw name="Abrir navegador" library="resource" type="SETUP">
<kw name="Open Browser" library="SeleniumLibrary">
<arg>url:</arg>
<arg>${BROWSER}</arg>
<doc>Opens a new browser instance to the optional ``url``.</doc>
<msg timestamp="20210809 10:49:49.502" level="INFO">Opening browser 'chrome' to base url 'url:'.</msg>
<status status="PASS" starttime="20210809 10:49:49.502" endtime="20210809 10:49:51.957"/>
</kw>
<status status="PASS" starttime="20210809 10:49:49.501" endtime="20210809 10:49:51.957"/>
</kw>
<kw name="Dado que estou na pagina home" library="home">
<kw name="Go To" library="SeleniumLibrary">
<arg>${HOME_URL}</arg>
<doc>Navigates the current browser window to the provided ``url``.</doc>
<msg timestamp="20210809 10:49:51.967" level="INFO">Opening url 'http://automationpractice.com/'</msg>
<status status="PASS" starttime="20210809 10:49:51.966" endtime="20210809 10:49:56.671"/>
</kw>
<kw name="Set Selenium Implicit Wait" library="SeleniumLibrary">
<arg>5</arg>
<doc>Sets the implicit wait value used by Selenium.</doc>
<status status="PASS" starttime="20210809 10:49:56.672" endtime="20210809 10:49:56.674"/>
</kw>
<kw name="Title Should Be" library="SeleniumLibrary">
<arg>${HOME_TITLE_TEXT}</arg>
<doc>Verifies that the current page title equals ``title``.</doc>
<msg timestamp="20210809 10:49:56.682" level="INFO">Page title is 'My Store'.</msg>
<status status="PASS" starttime="20210809 10:49:56.675" endtime="20210809 10:49:56.682"/>
</kw>
<kw name="Gerar evidencia teste" library="resource">
<kw name="Pegar o nome da suite de teste" library="resource">
<var>${suite}</var>
<kw name="Get Variable Value" library="BuiltIn">
<var>${suiteName}</var>
<arg>${SUITE NAME}</arg>
<doc>Returns variable value or ``default`` if the variable does not exist.</doc>
<msg timestamp="20210809 10:49:56.685" level="INFO">${suiteName} = Test-Case.Cadastro usuario</msg>
<status status="PASS" starttime="20210809 10:49:56.684" endtime="20210809 10:49:56.685"/>
</kw>
<kw name="Replace String" library="String">
<var>${suiteName}</var>
<arg>${suiteName}</arg>
<arg>${SPACE}</arg>
<arg>_</arg>
<doc>Replaces ``search_for`` in the given ``string`` with ``replace_with``.</doc>
<msg timestamp="20210809 10:49:56.686" level="INFO">${suiteName} = Test-Case.Cadastro_usuario</msg>
<status status="PASS" starttime="20210809 10:49:56.686" endtime="20210809 10:49:56.686"/>
</kw>
<kw name="Replace String" library="String">
<var>${suiteName}</var>
<arg>${suiteName}</arg>
<arg>.</arg>
<arg>_</arg>
<doc>Replaces ``search_for`` in the given ``string`` with ``replace_with``.</doc>
<msg timestamp="20210809 10:49:56.688" level="INFO">${suiteName} = Test-Case_Cadastro_usuario</msg>
<status status="PASS" starttime="20210809 10:49:56.687" endtime="20210809 10:49:56.688"/>
</kw>
<kw name="Replace String" library="String">
<var>${suiteName}</var>
<arg>${suiteName}</arg>
<arg>(</arg>
<arg>_</arg>
<doc>Replaces ``search_for`` in the given ``string`` with ``replace_with``.</doc>
<msg timestamp="20210809 10:49:56.689" level="INFO">${suiteName} = Test-Case_Cadastro_usuario</msg>
<status status="PASS" starttime="20210809 10:49:56.688" endtime="20210809 10:49:56.689"/>
</kw>
<kw name="Replace String" library="String">
<var>${suiteName}</var>
<arg>${suiteName}</arg>
<arg>)</arg>
<arg>_</arg>
<doc>Replaces ``search_for`` in the given ``string`` with ``replace_with``.</doc>
<msg timestamp="20210809 10:49:56.690" level="INFO">${suiteName} = Test-Case_Cadastro_usuario</msg>
<status status="PASS" starttime="20210809 10:49:56.689" endtime="20210809 10:49:56.690"/>
</kw>
<kw name="Replace String" library="String">
<var>${suiteName}</var>
<arg>${suiteName}</arg>
<arg>\"</arg>
<arg>_</arg>
<doc>Replaces ``search_for`` in the given ``string`` with ``replace_with``.</doc>
<msg timestamp="20210809 10:49:56.691" level="INFO">${suiteName} = Test-Case_Cadastro_usuario</msg>
<status status="PASS" starttime="20210809 10:49:56.690" endtime="20210809 10:49:56.691"/>
</kw>
<kw name="Replace String" library="String">
<var>${suiteName}</var>
<arg>${suiteName}</arg>
<arg>:</arg>
<arg>_</arg>
<doc>Replaces ``search_for`` in the given ``string`` with ``replace_with``.</doc>
<msg timestamp="20210809 10:49:56.692" level="INFO">${suiteName} = Test-Case_Cadastro_usuario</msg>
<status status="PASS" starttime="20210809 10:49:56.691" endtime="20210809 10:49:56.692"/>
</kw>
<kw name="Replace String" library="String">
<var>${suiteName}</var>
<arg>${suiteName}</arg>
<arg>\'</arg>
<arg>_</arg>
<doc>Replaces ``search_for`` in the given ``string`` with ``replace_with``.</doc>
<msg timestamp="20210809 10:49:56.693" level="INFO">${suiteName} = Test-Case_Cadastro_usuario</msg>
<status status="PASS" starttime="20210809 10:49:56.693" endtime="20210809 10:49:56.693"/>
</kw>
<msg timestamp="20210809 10:49:56.694" level="INFO">${suite} = Test-Case_Cadastro_usuario</msg>
<status status="PASS" starttime="20210809 10:49:56.684" endtime="20210809 10:49:56.694"/>
</kw>
<kw name="Pegar o nome do test-case" library="resource">
<var>${teste}</var>
<kw name="Get Variable Value" library="BuiltIn">
<var>${testName}</var>
<arg>${TEST NAME}</arg>
<doc>Returns variable value or ``default`` if the variable does not exist.</doc>
<msg timestamp="20210809 10:49:56.696" level="INFO">${testName} = Cenario 1: Abrir tela de cadastro</msg>
<status status="PASS" starttime="20210809 10:49:56.695" endtime="20210809 10:49:56.696"/>
</kw>
<kw name="Replace String" library="String">
<var>${testName}</var>
<arg>${testName}</arg>
<arg>${SPACE}</arg>
<arg>_</arg>
<doc>Replaces ``search_for`` in the given ``string`` with ``replace_with``.</doc>
<msg timestamp="20210809 10:49:56.698" level="INFO">${testName} = Cenario_1:_Abrir_tela_de_cadastro</msg>
<status status="PASS" starttime="20210809 10:49:56.697" endtime="20210809 10:49:56.698"/>
</kw>
<kw name="Replace String" library="String">
<var>${testName}</var>
<arg>${testName}</arg>
<arg>(</arg>
<arg>_</arg>
<doc>Replaces ``search_for`` in the given ``string`` with ``replace_with``.</doc>
<msg timestamp="20210809 10:49:56.698" level="INFO">${testName} = Cenario_1:_Abrir_tela_de_cadastro</msg>
<status status="PASS" starttime="20210809 10:49:56.698" endtime="20210809 10:49:56.699"/>
</kw>
<kw name="Replace String" library="String">
<var>${testName}</var>
<arg>${testName}</arg>
<arg>)</arg>
<arg>_</arg>
<doc>Replaces ``search_for`` in the given ``string`` with ``replace_with``.</doc>
<msg timestamp="20210809 10:49:56.699" level="INFO">${testName} = Cenario_1:_Abrir_tela_de_cadastro</msg>
<status status="PASS" starttime="20210809 10:49:56.699" endtime="20210809 10:49:56.699"/>
</kw>
<kw name="Replace String" library="String">
<var>${testName}</var>
<arg>${testName}</arg>
<arg>\"</arg>
<arg>_</arg>
<doc>Replaces ``search_for`` in the given ``string`` with ``replace_with``.</doc>
<msg timestamp="20210809 10:49:56.700" level="INFO">${testName} = Cenario_1:_Abrir_tela_de_cadastro</msg>
<status status="PASS" starttime="20210809 10:49:56.700" endtime="20210809 10:49:56.700"/>
</kw>
<kw name="Replace String" library="String">
<var>${testName}</var>
<arg>${testName}</arg>
<arg>:</arg>
<arg>_</arg>
<doc>Replaces ``search_for`` in the given ``string`` with ``replace_with``.</doc>
<msg timestamp="20210809 10:49:56.701" level="INFO">${testName} = Cenario_1__Abrir_tela_de_cadastro</msg>
<status status="PASS" starttime="20210809 10:49:56.700" endtime="20210809 10:49:56.701"/>
</kw>
<kw name="Replace String" library="String">
<var>${testName}</var>
<arg>${testName}</arg>
<arg>\'</arg>
<arg>_</arg>
<doc>Replaces ``search_for`` in the given ``string`` with ``replace_with``.</doc>
<msg timestamp="20210809 10:49:56.703" level="INFO">${testName} = Cenario_1__Abrir_tela_de_cadastro</msg>
<status status="PASS" starttime="20210809 10:49:56.702" endtime="20210809 10:49:56.703"/>
</kw>
<msg timestamp="20210809 10:49:56.703" level="INFO">${teste} = Cenario_1__Abrir_tela_de_cadastro</msg>
<status status="PASS" starttime="20210809 10:49:56.694" endtime="20210809 10:49:56.703"/>
</kw>
<kw name="Set Screenshot Directory" library="SeleniumLibrary">
<arg>results\\${suite}\\${teste}</arg>
<doc>Sets the directory for captured screenshots.</doc>
<status status="PASS" starttime="20210809 10:49:56.704" endtime="20210809 10:49:56.705"/>
</kw>
<kw name="Capture Page Screenshot" library="SeleniumLibrary">
<doc>Takes a screenshot of the current page and embeds it into a log file.</doc>
<msg timestamp="20210809 10:49:57.124" level="INFO" html="true">&lt;/td&gt;&lt;/tr&gt;&lt;tr&gt;&lt;td colspan="3"&gt;&lt;a href="Test-Case_Cadastro_usuario/Cenario_1__Abrir_tela_de_cadastro/selenium-screenshot-5.png"&gt;&lt;img src="Test-Case_Cadastro_usuario/Cenario_1__Abrir_tela_de_cadastro/selenium-screenshot-5.png" width="800px"&gt;&lt;/a&gt;</msg>
<status status="PASS" starttime="20210809 10:49:56.705" endtime="20210809 10:49:57.125"/>
</kw>
<status status="PASS" starttime="20210809 10:49:56.683" endtime="20210809 10:49:57.125"/>
</kw>
<status status="PASS" starttime="20210809 10:49:51.965" endtime="20210809 10:49:57.126"/>
</kw>
<kw name="Quando seleciono Sign" library="home">
<kw name="Click Element" library="SeleniumLibrary">
<arg>${HOME_BUTTON_SIGIN}</arg>
<doc>Click the element identified by ``locator``.</doc>
<msg timestamp="20210809 10:49:57.128" level="INFO">Clicking element 'xpath=//a[@class="login"]'.</msg>
<status status="PASS" starttime="20210809 10:49:57.128" endtime="20210809 10:49:59.309"/>
</kw>
<kw name="Set Selenium Implicit Wait" library="SeleniumLibrary">
<arg>5</arg>
<doc>Sets the implicit wait value used by Selenium.</doc>
<status status="PASS" starttime="20210809 10:49:59.310" endtime="20210809 10:49:59.312"/>
</kw>
<kw name="Gerar evidencia teste" library="resource">
<kw name="Pegar o nome da suite de teste" library="resource">
<var>${suite}</var>
<kw name="Get Variable Value" library="BuiltIn">
<var>${suiteName}</var>
<arg>${SUITE NAME}</arg>
<doc>Returns variable value or ``default`` if the variable does not exist.</doc>
<msg timestamp="20210809 10:49:59.316" level="INFO">${suiteName} = Test-Case.Cadastro usuario</msg>
<status status="PASS" starttime="20210809 10:49:59.315" endtime="20210809 10:49:59.316"/>
</kw>
<kw name="Replace String" library="String">
<var>${suiteName}</var>
<arg>${suiteName}</arg>
<arg>${SPACE}</arg>
<arg>_</arg>
<doc>Replaces ``search_for`` in the given ``string`` with ``replace_with``.</doc>
<msg timestamp="20210809 10:49:59.317" level="INFO">${suiteName} = Test-Case.Cadastro_usuario</msg>
<status status="PASS" starttime="20210809 10:49:59.316" endtime="20210809 10:49:59.317"/>
</kw>
<kw name="Replace String" library="String">
<var>${suiteName}</var>
<arg>${suiteName}</arg>
<arg>.</arg>
<arg>_</arg>
<doc>Replaces ``search_for`` in the given ``string`` with ``replace_with``.</doc>
<msg timestamp="20210809 10:49:59.318" level="INFO">${suiteName} = Test-Case_Cadastro_usuario</msg>
<status status="PASS" starttime="20210809 10:49:59.318" endtime="20210809 10:49:59.318"/>
</kw>
<kw name="Replace String" library="String">
<var>${suiteName}</var>
<arg>${suiteName}</arg>
<arg>(</arg>
<arg>_</arg>
<doc>Replaces ``search_for`` in the given ``string`` with ``replace_with``.</doc>
<msg timestamp="20210809 10:49:59.319" level="INFO">${suiteName} = Test-Case_Cadastro_usuario</msg>
<status status="PASS" starttime="20210809 10:49:59.318" endtime="20210809 10:49:59.319"/>
</kw>
<kw name="Replace String" library="String">
<var>${suiteName}</var>
<arg>${suiteName}</arg>
<arg>)</arg>
<arg>_</arg>
<doc>Replaces ``search_for`` in the given ``string`` with ``replace_with``.</doc>
<msg timestamp="20210809 10:49:59.320" level="INFO">${suiteName} = Test-Case_Cadastro_usuario</msg>
<status status="PASS" starttime="20210809 10:49:59.319" endtime="20210809 10:49:59.320"/>
</kw>
<kw name="Replace String" library="String">
<var>${suiteName}</var>
<arg>${suiteName}</arg>
<arg>\"</arg>
<arg>_</arg>
<doc>Replaces ``search_for`` in the given ``string`` with ``replace_with``.</doc>
<msg timestamp="20210809 10:49:59.320" level="INFO">${suiteName} = Test-Case_Cadastro_usuario</msg>
<status status="PASS" starttime="20210809 10:49:59.320" endtime="20210809 10:49:59.321"/>
</kw>
<kw name="Replace String" library="String">
<var>${suiteName}</var>
<arg>${suiteName}</arg>
<arg>:</arg>
<arg>_</arg>
<doc>Replaces ``search_for`` in the given ``string`` with ``replace_with``.</doc>
<msg timestamp="20210809 10:49:59.321" level="INFO">${suiteName} = Test-Case_Cadastro_usuario</msg>
<status status="PASS" starttime="20210809 10:49:59.321" endtime="20210809 10:49:59.321"/>
</kw>
<kw name="Replace String" library="String">
<var>${suiteName}</var>
<arg>${suiteName}</arg>
<arg>\'</arg>
<arg>_</arg>
<doc>Replaces ``search_for`` in the given ``string`` with ``replace_with``.</doc>
<msg timestamp="20210809 10:49:59.322" level="INFO">${suiteName} = Test-Case_Cadastro_usuario</msg>
<status status="PASS" starttime="20210809 10:49:59.322" endtime="20210809 10:49:59.322"/>
</kw>
<msg timestamp="20210809 10:49:59.322" level="INFO">${suite} = Test-Case_Cadastro_usuario</msg>
<status status="PASS" starttime="20210809 10:49:59.314" endtime="20210809 10:49:59.322"/>
</kw>
<kw name="Pegar o nome do test-case" library="resource">
<var>${teste}</var>
<kw name="Get Variable Value" library="BuiltIn">
<var>${testName}</var>
<arg>${TEST NAME}</arg>
<doc>Returns variable value or ``default`` if the variable does not exist.</doc>
<msg timestamp="20210809 10:49:59.324" level="INFO">${testName} = Cenario 1: Abrir tela de cadastro</msg>
<status status="PASS" starttime="20210809 10:49:59.323" endtime="20210809 10:49:59.324"/>
</kw>
<kw name="Replace String" library="String">
<var>${testName}</var>
<arg>${testName}</arg>
<arg>${SPACE}</arg>
<arg>_</arg>
<doc>Replaces ``search_for`` in the given ``string`` with ``replace_with``.</doc>
<msg timestamp="20210809 10:49:59.325" level="INFO">${testName} = Cenario_1:_Abrir_tela_de_cadastro</msg>
<status status="PASS" starttime="20210809 10:49:59.324" endtime="20210809 10:49:59.325"/>
</kw>
<kw name="Replace String" library="String">
<var>${testName}</var>
<arg>${testName}</arg>
<arg>(</arg>
<arg>_</arg>
<doc>Replaces ``search_for`` in the given ``string`` with ``replace_with``.</doc>
<msg timestamp="20210809 10:49:59.326" level="INFO">${testName} = Cenario_1:_Abrir_tela_de_cadastro</msg>
<status status="PASS" starttime="20210809 10:49:59.325" endtime="20210809 10:49:59.326"/>
</kw>
<kw name="Replace String" library="String">
<var>${testName}</var>
<arg>${testName}</arg>
<arg>)</arg>
<arg>_</arg>
<doc>Replaces ``search_for`` in the given ``string`` with ``replace_with``.</doc>
<msg timestamp="20210809 10:49:59.327" level="INFO">${testName} = Cenario_1:_Abrir_tela_de_cadastro</msg>
<status status="PASS" starttime="20210809 10:49:59.327" endtime="20210809 10:49:59.327"/>
</kw>
<kw name="Replace String" library="String">
<var>${testName}</var>
<arg>${testName}</arg>
<arg>\"</arg>
<arg>_</arg>
<doc>Replaces ``search_for`` in the given ``string`` with ``replace_with``.</doc>
<msg timestamp="20210809 10:49:59.329" level="INFO">${testName} = Cenario_1:_Abrir_tela_de_cadastro</msg>
<status status="PASS" starttime="20210809 10:49:59.328" endtime="20210809 10:49:59.329"/>
</kw>
<kw name="Replace String" library="String">
<var>${testName}</var>
<arg>${testName}</arg>
<arg>:</arg>
<arg>_</arg>
<doc>Replaces ``search_for`` in the given ``string`` with ``replace_with``.</doc>
<msg timestamp="20210809 10:49:59.329" level="INFO">${testName} = Cenario_1__Abrir_tela_de_cadastro</msg>
<status status="PASS" starttime="20210809 10:49:59.329" endtime="20210809 10:49:59.329"/>
</kw>
<kw name="Replace String" library="String">
<var>${testName}</var>
<arg>${testName}</arg>
<arg>\'</arg>
<arg>_</arg>
<doc>Replaces ``search_for`` in the given ``string`` with ``replace_with``.</doc>
<msg timestamp="20210809 10:49:59.330" level="INFO">${testName} = Cenario_1__Abrir_tela_de_cadastro</msg>
<status status="PASS" starttime="20210809 10:49:59.330" endtime="20210809 10:49:59.330"/>
</kw>
<msg timestamp="20210809 10:49:59.331" level="INFO">${teste} = Cenario_1__Abrir_tela_de_cadastro</msg>
<status status="PASS" starttime="20210809 10:49:59.323" endtime="20210809 10:49:59.331"/>
</kw>
<kw name="Set Screenshot Directory" library="SeleniumLibrary">
<arg>results\\${suite}\\${teste}</arg>
<doc>Sets the directory for captured screenshots.</doc>
<status status="PASS" starttime="20210809 10:49:59.331" endtime="20210809 10:49:59.332"/>
</kw>
<kw name="Capture Page Screenshot" library="SeleniumLibrary">
<doc>Takes a screenshot of the current page and embeds it into a log file.</doc>
<msg timestamp="20210809 10:49:59.557" level="INFO" html="true">&lt;/td&gt;&lt;/tr&gt;&lt;tr&gt;&lt;td colspan="3"&gt;&lt;a href="Test-Case_Cadastro_usuario/Cenario_1__Abrir_tela_de_cadastro/selenium-screenshot-6.png"&gt;&lt;img src="Test-Case_Cadastro_usuario/Cenario_1__Abrir_tela_de_cadastro/selenium-screenshot-6.png" width="800px"&gt;&lt;/a&gt;</msg>
<status status="PASS" starttime="20210809 10:49:59.332" endtime="20210809 10:49:59.558"/>
</kw>
<status status="PASS" starttime="20210809 10:49:59.313" endtime="20210809 10:49:59.558"/>
</kw>
<status status="PASS" starttime="20210809 10:49:57.127" endtime="20210809 10:49:59.558"/>
</kw>
<kw name="Entao E Apresentada Tela De Sign" library="Sign">
<kw name="Element Should Contain" library="SeleniumLibrary">
<arg>${Sign-IN_PAGE_HEAD}</arg>
<arg>AUTHENTICATION</arg>
<doc>Verifies that element ``locator`` contains text ``expected``.</doc>
<msg timestamp="20210809 10:49:59.608" level="INFO">Element 'xpath=//*[@class="page-heading"]' contains text 'AUTHENTICATION'.</msg>
<status status="PASS" starttime="20210809 10:49:59.560" endtime="20210809 10:49:59.608"/>
</kw>
<kw name="Set Selenium Implicit Wait" library="SeleniumLibrary">
<arg>5</arg>
<doc>Sets the implicit wait value used by Selenium.</doc>
<status status="PASS" starttime="20210809 10:49:59.608" endtime="20210809 10:49:59.610"/>
</kw>
<kw name="Generate Random String" library="String">
<var>${text}</var>
<arg>8</arg>
<doc>Generates a string with a desired ``length`` from the given ``chars``.</doc>
<msg timestamp="20210809 10:49:59.610" level="INFO">${text} = 9ZCQFt6u</msg>
<status status="PASS" starttime="20210809 10:49:59.610" endtime="20210809 10:49:59.610"/>
</kw>
<kw name="Capture Page Screenshot" library="SeleniumLibrary">
<arg>${text}.png</arg>
<doc>Takes a screenshot of the current page and embeds it into a log file.</doc>
<msg timestamp="20210809 10:49:59.712" level="INFO" html="true">&lt;/td&gt;&lt;/tr&gt;&lt;tr&gt;&lt;td colspan="3"&gt;&lt;a href="Test-Case_Cadastro_usuario/Cenario_1__Abrir_tela_de_cadastro/9ZCQFt6u.png"&gt;&lt;img src="Test-Case_Cadastro_usuario/Cenario_1__Abrir_tela_de_cadastro/9ZCQFt6u.png" width="800px"&gt;&lt;/a&gt;</msg>
<status status="PASS" starttime="20210809 10:49:59.610" endtime="20210809 10:49:59.712"/>
</kw>
<kw name="Gerar evidencia teste" library="resource">
<kw name="Pegar o nome da suite de teste" library="resource">
<var>${suite}</var>
<kw name="Get Variable Value" library="BuiltIn">
<var>${suiteName}</var>
<arg>${SUITE NAME}</arg>
<doc>Returns variable value or ``default`` if the variable does not exist.</doc>
<msg timestamp="20210809 10:49:59.715" level="INFO">${suiteName} = Test-Case.Cadastro usuario</msg>
<status status="PASS" starttime="20210809 10:49:59.714" endtime="20210809 10:49:59.715"/>
</kw>
<kw name="Replace String" library="String">
<var>${suiteName}</var>
<arg>${suiteName}</arg>
<arg>${SPACE}</arg>
<arg>_</arg>
<doc>Replaces ``search_for`` in the given ``string`` with ``replace_with``.</doc>
<msg timestamp="20210809 10:49:59.717" level="INFO">${suiteName} = Test-Case.Cadastro_usuario</msg>
<status status="PASS" starttime="20210809 10:49:59.716" endtime="20210809 10:49:59.717"/>
</kw>
<kw name="Replace String" library="String">
<var>${suiteName}</var>
<arg>${suiteName}</arg>
<arg>.</arg>
<arg>_</arg>
<doc>Replaces ``search_for`` in the given ``string`` with ``replace_with``.</doc>
<msg timestamp="20210809 10:49:59.718" level="INFO">${suiteName} = Test-Case_Cadastro_usuario</msg>
<status status="PASS" starttime="20210809 10:49:59.717" endtime="20210809 10:49:59.718"/>
</kw>
<kw name="Replace String" library="String">
<var>${suiteName}</var>
<arg>${suiteName}</arg>
<arg>(</arg>
<arg>_</arg>
<doc>Replaces ``search_for`` in the given ``string`` with ``replace_with``.</doc>
<msg timestamp="20210809 10:49:59.719" level="INFO">${suiteName} = Test-Case_Cadastro_usuario</msg>
<status status="PASS" starttime="20210809 10:49:59.718" endtime="20210809 10:49:59.719"/>
</kw>
<kw name="Replace String" library="String">
<var>${suiteName}</var>
<arg>${suiteName}</arg>
<arg>)</arg>
<arg>_</arg>
<doc>Replaces ``search_for`` in the given ``string`` with ``replace_with``.</doc>
<msg timestamp="20210809 10:49:59.720" level="INFO">${suiteName} = Test-Case_Cadastro_usuario</msg>
<status status="PASS" starttime="20210809 10:49:59.719" endtime="20210809 10:49:59.720"/>
</kw>
<kw name="Replace String" library="String">
<var>${suiteName}</var>
<arg>${suiteName}</arg>
<arg>\"</arg>
<arg>_</arg>
<doc>Replaces ``search_for`` in the given ``string`` with ``replace_with``.</doc>
<msg timestamp="20210809 10:49:59.721" level="INFO">${suiteName} = Test-Case_Cadastro_usuario</msg>
<status status="PASS" starttime="20210809 10:49:59.720" endtime="20210809 10:49:59.721"/>
</kw>
<kw name="Replace String" library="String">
<var>${suiteName}</var>
<arg>${suiteName}</arg>
<arg>:</arg>
<arg>_</arg>
<doc>Replaces ``search_for`` in the given ``string`` with ``replace_with``.</doc>
<msg timestamp="20210809 10:49:59.721" level="INFO">${suiteName} = Test-Case_Cadastro_usuario</msg>
<status status="PASS" starttime="20210809 10:49:59.721" endtime="20210809 10:49:59.721"/>
</kw>
<kw name="Replace String" library="String">
<var>${suiteName}</var>
<arg>${suiteName}</arg>
<arg>\'</arg>
<arg>_</arg>
<doc>Replaces ``search_for`` in the given ``string`` with ``replace_with``.</doc>
<msg timestamp="20210809 10:49:59.722" level="INFO">${suiteName} = Test-Case_Cadastro_usuario</msg>
<status status="PASS" starttime="20210809 10:49:59.721" endtime="20210809 10:49:59.722"/>
</kw>
<msg timestamp="20210809 10:49:59.722" level="INFO">${suite} = Test-Case_Cadastro_usuario</msg>
<status status="PASS" starttime="20210809 10:49:59.713" endtime="20210809 10:49:59.722"/>
</kw>
<kw name="Pegar o nome do test-case" library="resource">
<var>${teste}</var>
<kw name="Get Variable Value" library="BuiltIn">
<var>${testName}</var>
<arg>${TEST NAME}</arg>
<doc>Returns variable value or ``default`` if the variable does not exist.</doc>
<msg timestamp="20210809 10:49:59.723" level="INFO">${testName} = Cenario 1: Abrir tela de cadastro</msg>
<status status="PASS" starttime="20210809 10:49:59.723" endtime="20210809 10:49:59.723"/>
</kw>
<kw name="Replace String" library="String">
<var>${testName}</var>
<arg>${testName}</arg>
<arg>${SPACE}</arg>
<arg>_</arg>
<doc>Replaces ``search_for`` in the given ``string`` with ``replace_with``.</doc>
<msg timestamp="20210809 10:49:59.724" level="INFO">${testName} = Cenario_1:_Abrir_tela_de_cadastro</msg>
<status status="PASS" starttime="20210809 10:49:59.723" endtime="20210809 10:49:59.724"/>
</kw>
<kw name="Replace String" library="String">
<var>${testName}</var>
<arg>${testName}</arg>
<arg>(</arg>
<arg>_</arg>
<doc>Replaces ``search_for`` in the given ``string`` with ``replace_with``.</doc>
<msg timestamp="20210809 10:49:59.724" level="INFO">${testName} = Cenario_1:_Abrir_tela_de_cadastro</msg>
<status status="PASS" starttime="20210809 10:49:59.724" endtime="20210809 10:49:59.724"/>
</kw>
<kw name="Replace String" library="String">
<var>${testName}</var>
<arg>${testName}</arg>
<arg>)</arg>
<arg>_</arg>
<doc>Replaces ``search_for`` in the given ``string`` with ``replace_with``.</doc>
<msg timestamp="20210809 10:49:59.725" level="INFO">${testName} = Cenario_1:_Abrir_tela_de_cadastro</msg>
<status status="PASS" starttime="20210809 10:49:59.724" endtime="20210809 10:49:59.725"/>
</kw>
<kw name="Replace String" library="String">
<var>${testName}</var>
<arg>${testName}</arg>
<arg>\"</arg>
<arg>_</arg>
<doc>Replaces ``search_for`` in the given ``string`` with ``replace_with``.</doc>
<msg timestamp="20210809 10:49:59.725" level="INFO">${testName} = Cenario_1:_Abrir_tela_de_cadastro</msg>
<status status="PASS" starttime="20210809 10:49:59.725" endtime="20210809 10:49:59.725"/>
</kw>
<kw name="Replace String" library="String">
<var>${testName}</var>
<arg>${testName}</arg>
<arg>:</arg>
<arg>_</arg>
<doc>Replaces ``search_for`` in the given ``string`` with ``replace_with``.</doc>
<msg timestamp="20210809 10:49:59.726" level="INFO">${testName} = Cenario_1__Abrir_tela_de_cadastro</msg>
<status status="PASS" starttime="20210809 10:49:59.726" endtime="20210809 10:49:59.726"/>
</kw>
<kw name="Replace String" library="String">
<var>${testName}</var>
<arg>${testName}</arg>
<arg>\'</arg>
<arg>_</arg>
<doc>Replaces ``search_for`` in the given ``string`` with ``replace_with``.</doc>
<msg timestamp="20210809 10:49:59.727" level="INFO">${testName} = Cenario_1__Abrir_tela_de_cadastro</msg>
<status status="PASS" starttime="20210809 10:49:59.726" endtime="20210809 10:49:59.727"/>
</kw>
<msg timestamp="20210809 10:49:59.727" level="INFO">${teste} = Cenario_1__Abrir_tela_de_cadastro</msg>
<status status="PASS" starttime="20210809 10:49:59.722" endtime="20210809 10:49:59.727"/>
</kw>
<kw name="Set Screenshot Directory" library="SeleniumLibrary">
<arg>results\\${suite}\\${teste}</arg>
<doc>Sets the directory for captured screenshots.</doc>
<status status="PASS" starttime="20210809 10:49:59.727" endtime="20210809 10:49:59.728"/>
</kw>
<kw name="Capture Page Screenshot" library="SeleniumLibrary">
<doc>Takes a screenshot of the current page and embeds it into a log file.</doc>
<msg timestamp="20210809 10:49:59.840" level="INFO" html="true">&lt;/td&gt;&lt;/tr&gt;&lt;tr&gt;&lt;td colspan="3"&gt;&lt;a href="Test-Case_Cadastro_usuario/Cenario_1__Abrir_tela_de_cadastro/selenium-screenshot-7.png"&gt;&lt;img src="Test-Case_Cadastro_usuario/Cenario_1__Abrir_tela_de_cadastro/selenium-screenshot-7.png" width="800px"&gt;&lt;/a&gt;</msg>
<status status="PASS" starttime="20210809 10:49:59.728" endtime="20210809 10:49:59.840"/>
</kw>
<status status="PASS" starttime="20210809 10:49:59.712" endtime="20210809 10:49:59.840"/>
</kw>
<status status="PASS" starttime="20210809 10:49:59.559" endtime="20210809 10:49:59.841"/>
</kw>
<kw name="Fechar navegador" library="resource" type="TEARDOWN">
<kw name="Capture Page Screenshot" library="SeleniumLibrary">
<doc>Takes a screenshot of the current page and embeds it into a log file.</doc>
<msg timestamp="20210809 10:49:59.943" level="INFO" html="true">&lt;/td&gt;&lt;/tr&gt;&lt;tr&gt;&lt;td colspan="3"&gt;&lt;a href="Test-Case_Cadastro_usuario/Cenario_1__Abrir_tela_de_cadastro/selenium-screenshot-8.png"&gt;&lt;img src="Test-Case_Cadastro_usuario/Cenario_1__Abrir_tela_de_cadastro/selenium-screenshot-8.png" width="800px"&gt;&lt;/a&gt;</msg>
<status status="PASS" starttime="20210809 10:49:59.842" endtime="20210809 10:49:59.943"/>
</kw>
<kw name="Close Browser" library="SeleniumLibrary">
<doc>Closes the current browser.</doc>
<status status="PASS" starttime="20210809 10:49:59.943" endtime="20210809 10:50:02.713"/>
</kw>
<status status="PASS" starttime="20210809 10:49:59.842" endtime="20210809 10:50:02.713"/>
</kw>
<status status="PASS" starttime="20210809 10:49:49.500" endtime="20210809 10:50:02.714"/>
</test>
<test id="s1-s1-t2" name="Cenario 2: Acessar formulario para novo cadastro">
<kw name="Abrir navegador" library="resource" type="SETUP">
<kw name="Open Browser" library="SeleniumLibrary">
<arg>url:</arg>
<arg>${BROWSER}</arg>
<doc>Opens a new browser instance to the optional ``url``.</doc>
<msg timestamp="20210809 10:50:02.719" level="INFO">Opening browser 'chrome' to base url 'url:'.</msg>
<status status="PASS" starttime="20210809 10:50:02.718" endtime="20210809 10:50:05.146"/>
</kw>
<status status="PASS" starttime="20210809 10:50:02.717" endtime="20210809 10:50:05.146"/>
</kw>
<kw name="Dado que estou na pagina de Sign" library="Sign">
<kw name="Dado que estou na pagina home" library="home">
<kw name="Go To" library="SeleniumLibrary">
<arg>${HOME_URL}</arg>
<doc>Navigates the current browser window to the provided ``url``.</doc>
<msg timestamp="20210809 10:50:05.152" level="INFO">Opening url 'http://automationpractice.com/'</msg>
<status status="PASS" starttime="20210809 10:50:05.151" endtime="20210809 10:50:10.141"/>
</kw>
<kw name="Set Selenium Implicit Wait" library="SeleniumLibrary">
<arg>5</arg>
<doc>Sets the implicit wait value used by Selenium.</doc>
<status status="PASS" starttime="20210809 10:50:10.141" endtime="20210809 10:50:10.143"/>
</kw>
<kw name="Title Should Be" library="SeleniumLibrary">
<arg>${HOME_TITLE_TEXT}</arg>
<doc>Verifies that the current page title equals ``title``.</doc>
<msg timestamp="20210809 10:50:10.151" level="INFO">Page title is 'My Store'.</msg>
<status status="PASS" starttime="20210809 10:50:10.144" endtime="20210809 10:50:10.151"/>
</kw>
<kw name="Gerar evidencia teste" library="resource">
<kw name="Pegar o nome da suite de teste" library="resource">
<var>${suite}</var>
<kw name="Get Variable Value" library="BuiltIn">
<var>${suiteName}</var>
<arg>${SUITE NAME}</arg>
<doc>Returns variable value or ``default`` if the variable does not exist.</doc>
<msg timestamp="20210809 10:50:10.154" level="INFO">${suiteName} = Test-Case.Cadastro usuario</msg>
<status status="PASS" starttime="20210809 10:50:10.153" endtime="20210809 10:50:10.154"/>
</kw>
<kw name="Replace String" library="String">
<var>${suiteName}</var>
<arg>${suiteName}</arg>
<arg>${SPACE}</arg>
<arg>_</arg>
<doc>Replaces ``search_for`` in the given ``string`` with ``replace_with``.</doc>
<msg timestamp="20210809 10:50:10.155" level="INFO">${suiteName} = Test-Case.Cadastro_usuario</msg>
<status status="PASS" starttime="20210809 10:50:10.154" endtime="20210809 10:50:10.155"/>
</kw>
<kw name="Replace String" library="String">
<var>${suiteName}</var>
<arg>${suiteName}</arg>
<arg>.</arg>
<arg>_</arg>
<doc>Replaces ``search_for`` in the given ``string`` with ``replace_with``.</doc>
<msg timestamp="20210809 10:50:10.155" level="INFO">${suiteName} = Test-Case_Cadastro_usuario</msg>
<status status="PASS" starttime="20210809 10:50:10.155" endtime="20210809 10:50:10.156"/>
</kw>
<kw name="Replace String" library="String">
<var>${suiteName}</var>
<arg>${suiteName}</arg>
<arg>(</arg>
<arg>_</arg>
<doc>Replaces ``search_for`` in the given ``string`` with ``replace_with``.</doc>
<msg timestamp="20210809 10:50:10.156" level="INFO">${suiteName} = Test-Case_Cadastro_usuario</msg>
<status status="PASS" starttime="20210809 10:50:10.156" endtime="20210809 10:50:10.156"/>
</kw>
<kw name="Replace String" library="String">
<var>${suiteName}</var>
<arg>${suiteName}</arg>
<arg>)</arg>
<arg>_</arg>
<doc>Replaces ``search_for`` in the given ``string`` with ``replace_with``.</doc>
<msg timestamp="20210809 10:50:10.157" level="INFO">${suiteName} = Test-Case_Cadastro_usuario</msg>
<status status="PASS" starttime="20210809 10:50:10.156" endtime="20210809 10:50:10.157"/>
</kw>
<kw name="Replace String" library="String">
<var>${suiteName}</var>
<arg>${suiteName}</arg>
<arg>\"</arg>
<arg>_</arg>
<doc>Replaces ``search_for`` in the given ``string`` with ``replace_with``.</doc>
<msg timestamp="20210809 10:50:10.157" level="INFO">${suiteName} = Test-Case_Cadastro_usuario</msg>
<status status="PASS" starttime="20210809 10:50:10.157" endtime="20210809 10:50:10.157"/>
</kw>
<kw name="Replace String" library="String">
<var>${suiteName}</var>
<arg>${suiteName}</arg>
<arg>:</arg>
<arg>_</arg>
<doc>Replaces ``search_for`` in the given ``string`` with ``replace_with``.</doc>
<msg timestamp="20210809 10:50:10.158" level="INFO">${suiteName} = Test-Case_Cadastro_usuario</msg>
<status status="PASS" starttime="20210809 10:50:10.157" endtime="20210809 10:50:10.158"/>
</kw>
<kw name="Replace String" library="String">
<var>${suiteName}</var>
<arg>${suiteName}</arg>
<arg>\'</arg>
<arg>_</arg>
<doc>Replaces ``search_for`` in the given ``string`` with ``replace_with``.</doc>
<msg timestamp="20210809 10:50:10.158" level="INFO">${suiteName} = Test-Case_Cadastro_usuario</msg>
<status status="PASS" starttime="20210809 10:50:10.158" endtime="20210809 10:50:10.159"/>
</kw>
<msg timestamp="20210809 10:50:10.159" level="INFO">${suite} = Test-Case_Cadastro_usuario</msg>
<status status="PASS" starttime="20210809 10:50:10.152" endtime="20210809 10:50:10.159"/>
</kw>
<kw name="Pegar o nome do test-case" library="resource">
<var>${teste}</var>
<kw name="Get Variable Value" library="BuiltIn">
<var>${testName}</var>
<arg>${TEST NAME}</arg>
<doc>Returns variable value or ``default`` if the variable does not exist.</doc>
<msg timestamp="20210809 10:50:10.161" level="INFO">${testName} = Cenario 2: Acessar formulario para novo cadastro</msg>
<status status="PASS" starttime="20210809 10:50:10.160" endtime="20210809 10:50:10.161"/>
</kw>
<kw name="Replace String" library="String">
<var>${testName}</var>
<arg>${testName}</arg>
<arg>${SPACE}</arg>
<arg>_</arg>
<doc>Replaces ``search_for`` in the given ``string`` with ``replace_with``.</doc>
<msg timestamp="20210809 10:50:10.162" level="INFO">${testName} = Cenario_2:_Acessar_formulario_para_novo_cadastro</msg>
<status status="PASS" starttime="20210809 10:50:10.161" endtime="20210809 10:50:10.162"/>
</kw>
<kw name="Replace String" library="String">
<var>${testName}</var>
<arg>${testName}</arg>
<arg>(</arg>
<arg>_</arg>
<doc>Replaces ``search_for`` in the given ``string`` with ``replace_with``.</doc>
<msg timestamp="20210809 10:50:10.163" level="INFO">${testName} = Cenario_2:_Acessar_formulario_para_novo_cadastro</msg>
<status status="PASS" starttime="20210809 10:50:10.162" endtime="20210809 10:50:10.163"/>
</kw>
<kw name="Replace String" library="String">
<var>${testName}</var>
<arg>${testName}</arg>
<arg>)</arg>
<arg>_</arg>
<doc>Replaces ``search_for`` in the given ``string`` with ``replace_with``.</doc>
<msg timestamp="20210809 10:50:10.163" level="INFO">${testName} = Cenario_2:_Acessar_formulario_para_novo_cadastro</msg>
<status status="PASS" starttime="20210809 10:50:10.163" endtime="20210809 10:50:10.163"/>
</kw>
<kw name="Replace String" library="String">
<var>${testName}</var>
<arg>${testName}</arg>
<arg>\"</arg>
<arg>_</arg>
<doc>Replaces ``search_for`` in the given ``string`` with ``replace_with``.</doc>
<msg timestamp="20210809 10:50:10.164" level="INFO">${testName} = Cenario_2:_Acessar_formulario_para_novo_cadastro</msg>
<status status="PASS" starttime="20210809 10:50:10.164" endtime="20210809 10:50:10.164"/>
</kw>
<kw name="Replace String" library="String">
<var>${testName}</var>
<arg>${testName}</arg>
<arg>:</arg>
<arg>_</arg>
<doc>Replaces ``search_for`` in the given ``string`` with ``replace_with``.</doc>
<msg timestamp="20210809 10:50:10.165" level="INFO">${testName} = Cenario_2__Acessar_formulario_para_novo_cadastro</msg>
<status status="PASS" starttime="20210809 10:50:10.164" endtime="20210809 10:50:10.165"/>
</kw>
<kw name="Replace String" library="String">
<var>${testName}</var>
<arg>${testName}</arg>
<arg>\'</arg>
<arg>_</arg>
<doc>Replaces ``search_for`` in the given ``string`` with ``replace_with``.</doc>
<msg timestamp="20210809 10:50:10.166" level="INFO">${testName} = Cenario_2__Acessar_formulario_para_novo_cadastro</msg>
<status status="PASS" starttime="20210809 10:50:10.165" endtime="20210809 10:50:10.166"/>
</kw>
<msg timestamp="20210809 10:50:10.167" level="INFO">${teste} = Cenario_2__Acessar_formulario_para_novo_cadastro</msg>
<status status="PASS" starttime="20210809 10:50:10.160" endtime="20210809 10:50:10.167"/>
</kw>
<kw name="Set Screenshot Directory" library="SeleniumLibrary">
<arg>results\\${suite}\\${teste}</arg>
<doc>Sets the directory for captured screenshots.</doc>
<status status="PASS" starttime="20210809 10:50:10.167" endtime="20210809 10:50:10.168"/>
</kw>
<kw name="Capture Page Screenshot" library="SeleniumLibrary">
<doc>Takes a screenshot of the current page and embeds it into a log file.</doc>
<msg timestamp="20210809 10:50:10.516" level="INFO" html="true">&lt;/td&gt;&lt;/tr&gt;&lt;tr&gt;&lt;td colspan="3"&gt;&lt;a href="Test-Case_Cadastro_usuario/Cenario_2__Acessar_formulario_para_novo_cadastro/selenium-screenshot-8.png"&gt;&lt;img src="Test-Case_Cadastro_usuario/Cenario_2__Acessar_formulario_para_novo_cadastro/selenium-screenshot-8.png" width="800px"&gt;&lt;/a&gt;</msg>
<status status="PASS" starttime="20210809 10:50:10.168" endtime="20210809 10:50:10.516"/>
</kw>
<status status="PASS" starttime="20210809 10:50:10.151" endtime="20210809 10:50:10.517"/>
</kw>
<status status="PASS" starttime="20210809 10:50:05.150" endtime="20210809 10:50:10.517"/>
</kw>
<kw name="Quando seleciono Sign" library="home">
<kw name="Click Element" library="SeleniumLibrary">
<arg>${HOME_BUTTON_SIGIN}</arg>
<doc>Click the element identified by ``locator``.</doc>
<msg timestamp="20210809 10:50:10.519" level="INFO">Clicking element 'xpath=//a[@class="login"]'.</msg>
<status status="PASS" starttime="20210809 10:50:10.519" endtime="20210809 10:50:12.287"/>
</kw>
<kw name="Set Selenium Implicit Wait" library="SeleniumLibrary">
<arg>5</arg>
<doc>Sets the implicit wait value used by Selenium.</doc>
<status status="PASS" starttime="20210809 10:50:12.287" endtime="20210809 10:50:12.289"/>
</kw>
<kw name="Gerar evidencia teste" library="resource">
<kw name="Pegar o nome da suite de teste" library="resource">
<var>${suite}</var>
<kw name="Get Variable Value" library="BuiltIn">
<var>${suiteName}</var>
<arg>${SUITE NAME}</arg>
<doc>Returns variable value or ``default`` if the variable does not exist.</doc>
<msg timestamp="20210809 10:50:12.292" level="INFO">${suiteName} = Test-Case.Cadastro usuario</msg>
<status status="PASS" starttime="20210809 10:50:12.291" endtime="20210809 10:50:12.292"/>
</kw>
<kw name="Replace String" library="String">
<var>${suiteName}</var>
<arg>${suiteName}</arg>
<arg>${SPACE}</arg>
<arg>_</arg>
<doc>Replaces ``search_for`` in the given ``string`` with ``replace_with``.</doc>
<msg timestamp="20210809 10:50:12.294" level="INFO">${suiteName} = Test-Case.Cadastro_usuario</msg>
<status status="PASS" starttime="20210809 10:50:12.293" endtime="20210809 10:50:12.294"/>
</kw>
<kw name="Replace String" library="String">
<var>${suiteName}</var>
<arg>${suiteName}</arg>
<arg>.</arg>
<arg>_</arg>
<doc>Replaces ``search_for`` in the given ``string`` with ``replace_with``.</doc>
<msg timestamp="20210809 10:50:12.295" level="INFO">${suiteName} = Test-Case_Cadastro_usuario</msg>
<status status="PASS" starttime="20210809 10:50:12.294" endtime="20210809 10:50:12.295"/>
</kw>
<kw name="Replace String" library="String">
<var>${suiteName}</var>
<arg>${suiteName}</arg>
<arg>(</arg>
<arg>_</arg>
<doc>Replaces ``search_for`` in the given ``string`` with ``replace_with``.</doc>
<msg timestamp="20210809 10:50:12.296" level="INFO">${suiteName} = Test-Case_Cadastro_usuario</msg>
<status status="PASS" starttime="20210809 10:50:12.296" endtime="20210809 10:50:12.296"/>
</kw>
<kw name="Replace String" library="String">
<var>${suiteName}</var>
<arg>${suiteName}</arg>
<arg>)</arg>
<arg>_</arg>
<doc>Replaces ``search_for`` in the given ``string`` with ``replace_with``.</doc>
<msg timestamp="20210809 10:50:12.297" level="INFO">${suiteName} = Test-Case_Cadastro_usuario</msg>
<status status="PASS" starttime="20210809 10:50:12.297" endtime="20210809 10:50:12.298"/>
</kw>
<kw name="Replace String" library="String">
<var>${suiteName}</var>
<arg>${suiteName}</arg>
<arg>\"</arg>
<arg>_</arg>
<doc>Replaces ``search_for`` in the given ``string`` with ``replace_with``.</doc>
<msg timestamp="20210809 10:50:12.299" level="INFO">${suiteName} = Test-Case_Cadastro_usuario</msg>
<status status="PASS" starttime="20210809 10:50:12.298" endtime="20210809 10:50:12.299"/>
</kw>
<kw name="Replace String" library="String">
<var>${suiteName}</var>
<arg>${suiteName}</arg>
<arg>:</arg>
<arg>_</arg>
<doc>Replaces ``search_for`` in the given ``string`` with ``replace_with``.</doc>
<msg timestamp="20210809 10:50:12.300" level="INFO">${suiteName} = Test-Case_Cadastro_usuario</msg>
<status status="PASS" starttime="20210809 10:50:12.299" endtime="20210809 10:50:12.300"/>
</kw>
<kw name="Replace String" library="String">
<var>${suiteName}</var>
<arg>${suiteName}</arg>
<arg>\'</arg>
<arg>_</arg>
<doc>Replaces ``search_for`` in the given ``string`` with ``replace_with``.</doc>
<msg timestamp="20210809 10:50:12.302" level="INFO">${suiteName} = Test-Case_Cadastro_usuario</msg>
<status status="PASS" starttime="20210809 10:50:12.301" endtime="20210809 10:50:12.302"/>
</kw>
<msg timestamp="20210809 10:50:12.302" level="INFO">${suite} = Test-Case_Cadastro_usuario</msg>
<status status="PASS" starttime="20210809 10:50:12.291" endtime="20210809 10:50:12.302"/>
</kw>
<kw name="Pegar o nome do test-case" library="resource">
<var>${teste}</var>
<kw name="Get Variable Value" library="BuiltIn">
<var>${testName}</var>
<arg>${TEST NAME}</arg>
<doc>Returns variable value or ``default`` if the variable does not exist.</doc>
<msg timestamp="20210809 10:50:12.304" level="INFO">${testName} = Cenario 2: Acessar formulario para novo cadastro</msg>
<status status="PASS" starttime="20210809 10:50:12.304" endtime="20210809 10:50:12.305"/>
</kw>
<kw name="Replace String" library="String">
<var>${testName}</var>
<arg>${testName}</arg>
<arg>${SPACE}</arg>
<arg>_</arg>
<doc>Replaces ``search_for`` in the given ``string`` with ``replace_with``.</doc>
<msg timestamp="20210809 10:50:12.306" level="INFO">${testName} = Cenario_2:_Acessar_formulario_para_novo_cadastro</msg>
<status status="PASS" starttime="20210809 10:50:12.305" endtime="20210809 10:50:12.306"/>
</kw>
<kw name="Replace String" library="String">
<var>${testName}</var>
<arg>${testName}</arg>
<arg>(</arg>
<arg>_</arg>
<doc>Replaces ``search_for`` in the given ``string`` with ``replace_with``.</doc>
<msg timestamp="20210809 10:50:12.307" level="INFO">${testName} = Cenario_2:_Acessar_formulario_para_novo_cadastro</msg>
<status status="PASS" starttime="20210809 10:50:12.306" endtime="20210809 10:50:12.307"/>
</kw>
<kw name="Replace String" library="String">
<var>${testName}</var>
<arg>${testName}</arg>
<arg>)</arg>
<arg>_</arg>
<doc>Replaces ``search_for`` in the given ``string`` with ``replace_with``.</doc>
<msg timestamp="20210809 10:50:12.308" level="INFO">${testName} = Cenario_2:_Acessar_formulario_para_novo_cadastro</msg>
<status status="PASS" starttime="20210809 10:50:12.307" endtime="20210809 10:50:12.308"/>
</kw>
<kw name="Replace String" library="String">
<var>${testName}</var>
<arg>${testName}</arg>
<arg>\"</arg>
<arg>_</arg>
<doc>Replaces ``search_for`` in the given ``string`` with ``replace_with``.</doc>
<msg timestamp="20210809 10:50:12.308" level="INFO">${testName} = Cenario_2:_Acessar_formulario_para_novo_cadastro</msg>
<status status="PASS" starttime="20210809 10:50:12.308" endtime="20210809 10:50:12.308"/>
</kw>
<kw name="Replace String" library="String">
<var>${testName}</var>
<arg>${testName}</arg>
<arg>:</arg>
<arg>_</arg>
<doc>Replaces ``search_for`` in the given ``string`` with ``replace_with``.</doc>
<msg timestamp="20210809 10:50:12.309" level="INFO">${testName} = Cenario_2__Acessar_formulario_para_novo_cadastro</msg>
<status status="PASS" starttime="20210809 10:50:12.308" endtime="20210809 10:50:12.309"/>
</kw>
<kw name="Replace String" library="String">
<var>${testName}</var>
<arg>${testName}</arg>
<arg>\'</arg>
<arg>_</arg>
<doc>Replaces ``search_for`` in the given ``string`` with ``replace_with``.</doc>
<msg timestamp="20210809 10:50:12.309" level="INFO">${testName} = Cenario_2__Acessar_formulario_para_novo_cadastro</msg>
<status status="PASS" starttime="20210809 10:50:12.309" endtime="20210809 10:50:12.309"/>
</kw>
<msg timestamp="20210809 10:50:12.310" level="INFO">${teste} = Cenario_2__Acessar_formulario_para_novo_cadastro</msg>
<status status="PASS" starttime="20210809 10:50:12.303" endtime="20210809 10:50:12.310"/>
</kw>
<kw name="Set Screenshot Directory" library="SeleniumLibrary">
<arg>results\\${suite}\\${teste}</arg>
<doc>Sets the directory for captured screenshots.</doc>
<status status="PASS" starttime="20210809 10:50:12.310" endtime="20210809 10:50:12.311"/>
</kw>
<kw name="Capture Page Screenshot" library="SeleniumLibrary">
<doc>Takes a screenshot of the current page and embeds it into a log file.</doc>
<msg timestamp="20210809 10:50:12.539" level="INFO" html="true">&lt;/td&gt;&lt;/tr&gt;&lt;tr&gt;&lt;td colspan="3"&gt;&lt;a href="Test-Case_Cadastro_usuario/Cenario_2__Acessar_formulario_para_novo_cadastro/selenium-screenshot-9.png"&gt;&lt;img src="Test-Case_Cadastro_usuario/Cenario_2__Acessar_formulario_para_novo_cadastro/selenium-screenshot-9.png" width="800px"&gt;&lt;/a&gt;</msg>
<status status="PASS" starttime="20210809 10:50:12.311" endtime="20210809 10:50:12.540"/>
</kw>
<status status="PASS" starttime="20210809 10:50:12.290" endtime="20210809 10:50:12.540"/>
</kw>
<status status="PASS" starttime="20210809 10:50:10.518" endtime="20210809 10:50:12.540"/>
</kw>
<kw name="Entao E Apresentada Tela De Sign" library="Sign">
<kw name="Element Should Contain" library="SeleniumLibrary">
<arg>${Sign-IN_PAGE_HEAD}</arg>
<arg>AUTHENTICATION</arg>
<doc>Verifies that element ``locator`` contains text ``expected``.</doc>
<msg timestamp="20210809 10:50:12.574" level="INFO">Element 'xpath=//*[@class="page-heading"]' contains text 'AUTHENTICATION'.</msg>
<status status="PASS" starttime="20210809 10:50:12.541" endtime="20210809 10:50:12.574"/>
</kw>
<kw name="Set Selenium Implicit Wait" library="SeleniumLibrary">
<arg>5</arg>
<doc>Sets the implicit wait value used by Selenium.</doc>
<status status="PASS" starttime="20210809 10:50:12.575" endtime="20210809 10:50:12.576"/>
</kw>
<kw name="Generate Random String" library="String">
<var>${text}</var>
<arg>8</arg>
<doc>Generates a string with a desired ``length`` from the given ``chars``.</doc>
<msg timestamp="20210809 10:50:12.576" level="INFO">${text} = rDDIEEzd</msg>
<status status="PASS" starttime="20210809 10:50:12.576" endtime="20210809 10:50:12.576"/>
</kw>
<kw name="Capture Page Screenshot" library="SeleniumLibrary">
<arg>${text}.png</arg>
<doc>Takes a screenshot of the current page and embeds it into a log file.</doc>
<msg timestamp="20210809 10:50:12.681" level="INFO" html="true">&lt;/td&gt;&lt;/tr&gt;&lt;tr&gt;&lt;td colspan="3"&gt;&lt;a href="Test-Case_Cadastro_usuario/Cenario_2__Acessar_formulario_para_novo_cadastro/rDDIEEzd.png"&gt;&lt;img src="Test-Case_Cadastro_usuario/Cenario_2__Acessar_formulario_para_novo_cadastro/rDDIEEzd.png" width="800px"&gt;&lt;/a&gt;</msg>
<status status="PASS" starttime="20210809 10:50:12.577" endtime="20210809 10:50:12.682"/>
</kw>
<kw name="Gerar evidencia teste" library="resource">
<kw name="Pegar o nome da suite de teste" library="resource">
<var>${suite}</var>
<kw name="Get Variable Value" library="BuiltIn">
<var>${suiteName}</var>
<arg>${SUITE NAME}</arg>
<doc>Returns variable value or ``default`` if the variable does not exist.</doc>
<msg timestamp="20210809 10:50:12.684" level="INFO">${suiteName} = Test-Case.Cadastro usuario</msg>
<status status="PASS" starttime="20210809 10:50:12.684" endtime="20210809 10:50:12.685"/>
</kw>
<kw name="Replace String" library="String">
<var>${suiteName}</var>
<arg>${suiteName}</arg>
<arg>${SPACE}</arg>
<arg>_</arg>
<doc>Replaces ``search_for`` in the given ``string`` with ``replace_with``.</doc>
<msg timestamp="20210809 10:50:12.686" level="INFO">${suiteName} = Test-Case.Cadastro_usuario</msg>
<status status="PASS" starttime="20210809 10:50:12.685" endtime="20210809 10:50:12.686"/>
</kw>
<kw name="Replace String" library="String">
<var>${suiteName}</var>
<arg>${suiteName}</arg>
<arg>.</arg>
<arg>_</arg>
<doc>Replaces ``search_for`` in the given ``string`` with ``replace_with``.</doc>
<msg timestamp="20210809 10:50:12.687" level="INFO">${suiteName} = Test-Case_Cadastro_usuario</msg>
<status status="PASS" starttime="20210809 10:50:12.686" endtime="20210809 10:50:12.687"/>
</kw>
<kw name="Replace String" library="String">
<var>${suiteName}</var>
<arg>${suiteName}</arg>
<arg>(</arg>
<arg>_</arg>
<doc>Replaces ``search_for`` in the given ``string`` with ``replace_with``.</doc>
<msg timestamp="20210809 10:50:12.688" level="INFO">${suiteName} = Test-Case_Cadastro_usuario</msg>
<status status="PASS" starttime="20210809 10:50:12.688" endtime="20210809 10:50:12.688"/>
</kw>
<kw name="Replace String" library="String">
<var>${suiteName}</var>
<arg>${suiteName}</arg>
<arg>)</arg>
<arg>_</arg>
<doc>Replaces ``search_for`` in the given ``string`` with ``replace_with``.</doc>
<msg timestamp="20210809 10:50:12.689" level="INFO">${suiteName} = Test-Case_Cadastro_usuario</msg>
<status status="PASS" starttime="20210809 10:50:12.689" endtime="20210809 10:50:12.689"/>
</kw>
<kw name="Replace String" library="String">
<var>${suiteName}</var>
<arg>${suiteName}</arg>
<arg>\"</arg>
<arg>_</arg>
<doc>Replaces ``search_for`` in the given ``string`` with ``replace_with``.</doc>
<msg timestamp="20210809 10:50:12.690" level="INFO">${suiteName} = Test-Case_Cadastro_usuario</msg>
<status status="PASS" starttime="20210809 10:50:12.690" endtime="20210809 10:50:12.690"/>
</kw>
<kw name="Replace String" library="String">
<var>${suiteName}</var>
<arg>${suiteName}</arg>
<arg>:</arg>
<arg>_</arg>
<doc>Replaces ``search_for`` in the given ``string`` with ``replace_with``.</doc>
<msg timestamp="20210809 10:50:12.691" level="INFO">${suiteName} = Test-Case_Cadastro_usuario</msg>
<status status="PASS" starttime="20210809 10:50:12.691" endtime="20210809 10:50:12.692"/>
</kw>
<kw name="Replace String" library="String">
<var>${suiteName}</var>
<arg>${suiteName}</arg>
<arg>\'</arg>
<arg>_</arg>
<doc>Replaces ``search_for`` in the given ``string`` with ``replace_with``.</doc>
<msg timestamp="20210809 10:50:12.693" level="INFO">${suiteName} = Test-Case_Cadastro_usuario</msg>
<status status="PASS" starttime="20210809 10:50:12.692" endtime="20210809 10:50:12.693"/>
</kw>
<msg timestamp="20210809 10:50:12.693" level="INFO">${suite} = Test-Case_Cadastro_usuario</msg>
<status status="PASS" starttime="20210809 10:50:12.683" endtime="20210809 10:50:12.693"/>
</kw>
<kw name="Pegar o nome do test-case" library="resource">
<var>${teste}</var>
<kw name="Get Variable Value" library="BuiltIn">
<var>${testName}</var>
<arg>${TEST NAME}</arg>
<doc>Returns variable value or ``default`` if the variable does not exist.</doc>
<msg timestamp="20210809 10:50:12.695" level="INFO">${testName} = Cenario 2: Acessar formulario para novo cadastro</msg>
<status status="PASS" starttime="20210809 10:50:12.694" endtime="20210809 10:50:12.695"/>
</kw>
<kw name="Replace String" library="String">
<var>${testName}</var>
<arg>${testName}</arg>
<arg>${SPACE}</arg>
<arg>_</arg>
<doc>Replaces ``search_for`` in the given ``string`` with ``replace_with``.</doc>
<msg timestamp="20210809 10:50:12.697" level="INFO">${testName} = Cenario_2:_Acessar_formulario_para_novo_cadastro</msg>
<status status="PASS" starttime="20210809 10:50:12.696" endtime="20210809 10:50:12.697"/>
</kw>
<kw name="Replace String" library="String">
<var>${testName}</var>
<arg>${testName}</arg>
<arg>(</arg>
<arg>_</arg>
<doc>Replaces ``search_for`` in the given ``string`` with ``replace_with``.</doc>
<msg timestamp="20210809 10:50:12.698" level="INFO">${testName} = Cenario_2:_Acessar_formulario_para_novo_cadastro</msg>
<status status="PASS" starttime="20210809 10:50:12.697" endtime="20210809 10:50:12.698"/>
</kw>
<kw name="Replace String" library="String">
<var>${testName}</var>
<arg>${testName}</arg>
<arg>)</arg>
<arg>_</arg>
<doc>Replaces ``search_for`` in the given ``string`` with ``replace_with``.</doc>
<msg timestamp="20210809 10:50:12.699" level="INFO">${testName} = Cenario_2:_Acessar_formulario_para_novo_cadastro</msg>
<status status="PASS" starttime="20210809 10:50:12.698" endtime="20210809 10:50:12.699"/>
</kw>
<kw name="Replace String" library="String">
<var>${testName}</var>
<arg>${testName}</arg>
<arg>\"</arg>
<arg>_</arg>
<doc>Replaces ``search_for`` in the given ``string`` with ``replace_with``.</doc>
<msg timestamp="20210809 10:50:12.700" level="INFO">${testName} = Cenario_2:_Acessar_formulario_para_novo_cadastro</msg>
<status status="PASS" starttime="20210809 10:50:12.699" endtime="20210809 10:50:12.700"/>
</kw>
<kw name="Replace String" library="String">
<var>${testName}</var>
<arg>${testName}</arg>
<arg>:</arg>
<arg>_</arg>
<doc>Replaces ``search_for`` in the given ``string`` with ``replace_with``.</doc>
<msg timestamp="20210809 10:50:12.701" level="INFO">${testName} = Cenario_2__Acessar_formulario_para_novo_cadastro</msg>
<status status="PASS" starttime="20210809 10:50:12.700" endtime="20210809 10:50:12.701"/>
</kw>
<kw name="Replace String" library="String">
<var>${testName}</var>
<arg>${testName}</arg>
<arg>\'</arg>
<arg>_</arg>
<doc>Replaces ``search_for`` in the given ``string`` with ``replace_with``.</doc>
<msg timestamp="20210809 10:50:12.702" level="INFO">${testName} = Cenario_2__Acessar_formulario_para_novo_cadastro</msg>
<status status="PASS" starttime="20210809 10:50:12.701" endtime="20210809 10:50:12.702"/>
</kw>
<msg timestamp="20210809 10:50:12.703" level="INFO">${teste} = Cenario_2__Acessar_formulario_para_novo_cadastro</msg>
<status status="PASS" starttime="20210809 10:50:12.694" endtime="20210809 10:50:12.703"/>
</kw>
<kw name="Set Screenshot Directory" library="SeleniumLibrary">
<arg>results\\${suite}\\${teste}</arg>
<doc>Sets the directory for captured screenshots.</doc>
<status status="PASS" starttime="20210809 10:50:12.703" endtime="20210809 10:50:12.704"/>
</kw>
<kw name="Capture Page Screenshot" library="SeleniumLibrary">
<doc>Takes a screenshot of the current page and embeds it into a log file.</doc>
<msg timestamp="20210809 10:50:12.835" level="INFO" html="true">&lt;/td&gt;&lt;/tr&gt;&lt;tr&gt;&lt;td colspan="3"&gt;&lt;a href="Test-Case_Cadastro_usuario/Cenario_2__Acessar_formulario_para_novo_cadastro/selenium-screenshot-10.png"&gt;&lt;img src="Test-Case_Cadastro_usuario/Cenario_2__Acessar_formulario_para_novo_cadastro/selenium-screenshot-10.png" width="800px"&gt;&lt;/a&gt;</msg>
<status status="PASS" starttime="20210809 10:50:12.704" endtime="20210809 10:50:12.835"/>
</kw>
<status status="PASS" starttime="20210809 10:50:12.682" endtime="20210809 10:50:12.836"/>
</kw>
<status status="PASS" starttime="20210809 10:50:12.540" endtime="20210809 10:50:12.836"/>
</kw>
<kw name="Gerar evidencia teste" library="resource">
<kw name="Pegar o nome da suite de teste" library="resource">
<var>${suite}</var>
<kw name="Get Variable Value" library="BuiltIn">
<var>${suiteName}</var>
<arg>${SUITE NAME}</arg>
<doc>Returns variable value or ``default`` if the variable does not exist.</doc>
<msg timestamp="20210809 10:50:12.837" level="INFO">${suiteName} = Test-Case.Cadastro usuario</msg>
<status status="PASS" starttime="20210809 10:50:12.837" endtime="20210809 10:50:12.837"/>
</kw>
<kw name="Replace String" library="String">
<var>${suiteName}</var>
<arg>${suiteName}</arg>
<arg>${SPACE}</arg>
<arg>_</arg>
<doc>Replaces ``search_for`` in the given ``string`` with ``replace_with``.</doc>
<msg timestamp="20210809 10:50:12.838" level="INFO">${suiteName} = Test-Case.Cadastro_usuario</msg>
<status status="PASS" starttime="20210809 10:50:12.838" endtime="20210809 10:50:12.838"/>
</kw>
<kw name="Replace String" library="String">
<var>${suiteName}</var>
<arg>${suiteName}</arg>
<arg>.</arg>
<arg>_</arg>
<doc>Replaces ``search_for`` in the given ``string`` with ``replace_with``.</doc>
<msg timestamp="20210809 10:50:12.838" level="INFO">${suiteName} = Test-Case_Cadastro_usuario</msg>
<status status="PASS" starttime="20210809 10:50:12.838" endtime="20210809 10:50:12.839"/>
</kw>
<kw name="Replace String" library="String">
<var>${suiteName}</var>
<arg>${suiteName}</arg>
<arg>(</arg>
<arg>_</arg>
<doc>Replaces ``search_for`` in the given ``string`` with ``replace_with``.</doc>
<msg timestamp="20210809 10:50:12.839" level="INFO">${suiteName} = Test-Case_Cadastro_usuario</msg>
<status status="PASS" starttime="20210809 10:50:12.839" endtime="20210809 10:50:12.839"/>
</kw>
<kw name="Replace String" library="String">
<var>${suiteName}</var>
<arg>${suiteName}</arg>
<arg>)</arg>
<arg>_</arg>
<doc>Replaces ``search_for`` in the given ``string`` with ``replace_with``.</doc>
<msg timestamp="20210809 10:50:12.840" level="INFO">${suiteName} = Test-Case_Cadastro_usuario</msg>
<status status="PASS" starttime="20210809 10:50:12.839" endtime="20210809 10:50:12.840"/>
</kw>
<kw name="Replace String" library="String">
<var>${suiteName}</var>
<arg>${suiteName}</arg>
<arg>\"</arg>
<arg>_</arg>
<doc>Replaces ``search_for`` in the given ``string`` with ``replace_with``.</doc>
<msg timestamp="20210809 10:50:12.840" level="INFO">${suiteName} = Test-Case_Cadastro_usuario</msg>
<status status="PASS" starttime="20210809 10:50:12.840" endtime="20210809 10:50:12.841"/>
</kw>
<kw name="Replace String" library="String">
<var>${suiteName}</var>
<arg>${suiteName}</arg>
<arg>:</arg>
<arg>_</arg>
<doc>Replaces ``search_for`` in the given ``string`` with ``replace_with``.</doc>
<msg timestamp="20210809 10:50:12.841" level="INFO">${suiteName} = Test-Case_Cadastro_usuario</msg>
<status status="PASS" starttime="20210809 10:50:12.841" endtime="20210809 10:50:12.841"/>
</kw>
<kw name="Replace String" library="String">
<var>${suiteName}</var>
<arg>${suiteName}</arg>
<arg>\'</arg>
<arg>_</arg>
<doc>Replaces ``search_for`` in the given ``string`` with ``replace_with``.</doc>
<msg timestamp="20210809 10:50:12.842" level="INFO">${suiteName} = Test-Case_Cadastro_usuario</msg>
<status status="PASS" starttime="20210809 10:50:12.841" endtime="20210809 10:50:12.842"/>
</kw>
<msg timestamp="20210809 10:50:12.842" level="INFO">${suite} = Test-Case_Cadastro_usuario</msg>
<status status="PASS" starttime="20210809 10:50:12.836" endtime="20210809 10:50:12.842"/>
</kw>
<kw name="Pegar o nome do test-case" library="resource">
<var>${teste}</var>
<kw name="Get Variable Value" library="BuiltIn">
<var>${testName}</var>
<arg>${TEST NAME}</arg>
<doc>Returns variable value or ``default`` if the variable does not exist.</doc>
<msg timestamp="20210809 10:50:12.843" level="INFO">${testName} = Cenario 2: Acessar formulario para novo cadastro</msg>
<status status="PASS" starttime="20210809 10:50:12.843" endtime="20210809 10:50:12.843"/>
</kw>
<kw name="Replace String" library="String">
<var>${testName}</var>
<arg>${testName}</arg>
<arg>${SPACE}</arg>
<arg>_</arg>
<doc>Replaces ``search_for`` in the given ``string`` with ``replace_with``.</doc>
<msg timestamp="20210809 10:50:12.844" level="INFO">${testName} = Cenario_2:_Acessar_formulario_para_novo_cadastro</msg>
<status status="PASS" starttime="20210809 10:50:12.843" endtime="20210809 10:50:12.844"/>
</kw>
<kw name="Replace String" library="String">
<var>${testName}</var>
<arg>${testName}</arg>
<arg>(</arg>
<arg>_</arg>
<doc>Replaces ``search_for`` in the given ``string`` with ``replace_with``.</doc>
<msg timestamp="20210809 10:50:12.844" level="INFO">${testName} = Cenario_2:_Acessar_formulario_para_novo_cadastro</msg>
<status status="PASS" starttime="20210809 10:50:12.844" endtime="20210809 10:50:12.845"/>
</kw>
<kw name="Replace String" library="String">
<var>${testName}</var>
<arg>${testName}</arg>
<arg>)</arg>
<arg>_</arg>
<doc>Replaces ``search_for`` in the given ``string`` with ``replace_with``.</doc>
<msg timestamp="20210809 10:50:12.845" level="INFO">${testName} = Cenario_2:_Acessar_formulario_para_novo_cadastro</msg>
<status status="PASS" starttime="20210809 10:50:12.845" endtime="20210809 10:50:12.845"/>
</kw>
<kw name="Replace String" library="String">
<var>${testName}</var>
<arg>${testName}</arg>
<arg>\"</arg>
<arg>_</arg>
<doc>Replaces ``search_for`` in the given ``string`` with ``replace_with``.</doc>
<msg timestamp="20210809 10:50:12.846" level="INFO">${testName} = Cenario_2:_Acessar_formulario_para_novo_cadastro</msg>
<status status="PASS" starttime="20210809 10:50:12.845" endtime="20210809 10:50:12.846"/>
</kw>
<kw name="Replace String" library="String">
<var>${testName}</var>
<arg>${testName}</arg>
<arg>:</arg>
<arg>_</arg>
<doc>Replaces ``search_for`` in the given ``string`` with ``replace_with``.</doc>
<msg timestamp="20210809 10:50:12.846" level="INFO">${testName} = Cenario_2__Acessar_formulario_para_novo_cadastro</msg>
<status status="PASS" starttime="20210809 10:50:12.846" endtime="20210809 10:50:12.846"/>
</kw>
<kw name="Replace String" library="String">
<var>${testName}</var>
<arg>${testName}</arg>
<arg>\'</arg>
<arg>_</arg>
<doc>Replaces ``search_for`` in the given ``string`` with ``replace_with``.</doc>
<msg timestamp="20210809 10:50:12.847" level="INFO">${testName} = Cenario_2__Acessar_formulario_para_novo_cadastro</msg>
<status status="PASS" starttime="20210809 10:50:12.847" endtime="20210809 10:50:12.847"/>
</kw>
<msg timestamp="20210809 10:50:12.847" level="INFO">${teste} = Cenario_2__Acessar_formulario_para_novo_cadastro</msg>
<status status="PASS" starttime="20210809 10:50:12.842" endtime="20210809 10:50:12.847"/>
</kw>
<kw name="Set Screenshot Directory" library="SeleniumLibrary">
<arg>results\\${suite}\\${teste}</arg>
<doc>Sets the directory for captured screenshots.</doc>
<status status="PASS" starttime="20210809 10:50:12.847" endtime="20210809 10:50:12.848"/>
</kw>
<kw name="Capture Page Screenshot" library="SeleniumLibrary">
<doc>Takes a screenshot of the current page and embeds it into a log file.</doc>
<msg timestamp="20210809 10:50:12.950" level="INFO" html="true">&lt;/td&gt;&lt;/tr&gt;&lt;tr&gt;&lt;td colspan="3"&gt;&lt;a href="Test-Case_Cadastro_usuario/Cenario_2__Acessar_formulario_para_novo_cadastro/selenium-screenshot-11.png"&gt;&lt;img src="Test-Case_Cadastro_usuario/Cenario_2__Acessar_formulario_para_novo_cadastro/selenium-screenshot-11.png" width="800px"&gt;&lt;/a&gt;</msg>
<status status="PASS" starttime="20210809 10:50:12.848" endtime="20210809 10:50:12.950"/>
</kw>
<status status="PASS" starttime="20210809 10:50:12.836" endtime="20210809 10:50:12.950"/>
</kw>
<status status="PASS" starttime="20210809 10:50:05.148" endtime="20210809 10:50:12.951"/>
</kw>
<kw name="Quando informo o email &quot;V@A.COM&quot; para cadastro" library="Sign" sourcename="Quando informo o email &quot;${Sign-IN_EMAIL_TEXT}&quot; para cadastro">
<kw name="Generate Random String" library="String">
<var>${Sign-IN_EMAIL_TEXT}</var>
<doc>Generates a string with a desired ``length`` from the given ``chars``.</doc>
<msg timestamp="20210809 10:50:12.952" level="INFO">${Sign-IN_EMAIL_TEXT} = nhhWZAiY</msg>
<status status="PASS" starttime="20210809 10:50:12.952" endtime="20210809 10:50:12.952"/>
</kw>
<kw name="Input Text" library="SeleniumLibrary">
<arg>${Sign-IN_FIELD_EMAIL}</arg>
<arg>${Sign-IN_EMAIL_TEXT}@a.com</arg>
<doc>Types the given ``text`` into the text field identified by ``locator``.</doc>
<msg timestamp="20210809 10:50:12.953" level="INFO">Typing text 'nhhWZAiY@a.com' into text field 'xpath=//*[@id="email_create"]'.</msg>
<status status="PASS" starttime="20210809 10:50:12.953" endtime="20210809 10:50:13.091"/>
</kw>
<kw name="Click Element" library="SeleniumLibrary">
<arg>${Sign-IN_BUTTON_SUBMIT}</arg>
<doc>Click the element identified by ``locator``.</doc>
<msg timestamp="20210809 10:50:13.092" level="INFO">Clicking element 'xpath=//*[@id="SubmitCreate"]'.</msg>
<status status="PASS" starttime="20210809 10:50:13.092" endtime="20210809 10:50:13.194"/>
</kw>
<kw name="Set Selenium Implicit Wait" library="SeleniumLibrary">
<arg>5</arg>
<doc>Sets the implicit wait value used by Selenium.</doc>
<status status="PASS" starttime="20210809 10:50:13.194" endtime="20210809 10:50:13.195"/>
</kw>
<kw name="Gerar evidencia teste" library="resource">
<kw name="Pegar o nome da suite de teste" library="resource">
<var>${suite}</var>
<kw name="Get Variable Value" library="BuiltIn">
<var>${suiteName}</var>
<arg>${SUITE NAME}</arg>
<doc>Returns variable value or ``default`` if the variable does not exist.</doc>
<msg timestamp="20210809 10:50:13.197" level="INFO">${suiteName} = Test-Case.Cadastro usuario</msg>
<status status="PASS" starttime="20210809 10:50:13.197" endtime="20210809 10:50:13.197"/>
</kw>
<kw name="Replace String" library="String">
<var>${suiteName}</var>
<arg>${suiteName}</arg>
<arg>${SPACE}</arg>
<arg>_</arg>
<doc>Replaces ``search_for`` in the given ``string`` with ``replace_with``.</doc>
<msg timestamp="20210809 10:50:13.198" level="INFO">${suiteName} = Test-Case.Cadastro_usuario</msg>
<status status="PASS" starttime="20210809 10:50:13.198" endtime="20210809 10:50:13.198"/>
</kw>
<kw name="Replace String" library="String">
<var>${suiteName}</var>
<arg>${suiteName}</arg>
<arg>.</arg>
<arg>_</arg>
<doc>Replaces ``search_for`` in the given ``string`` with ``replace_with``.</doc>
<msg timestamp="20210809 10:50:13.199" level="INFO">${suiteName} = Test-Case_Cadastro_usuario</msg>
<status status="PASS" starttime="20210809 10:50:13.198" endtime="20210809 10:50:13.199"/>
</kw>
<kw name="Replace String" library="String">
<var>${suiteName}</var>
<arg>${suiteName}</arg>
<arg>(</arg>
<arg>_</arg>
<doc>Replaces ``search_for`` in the given ``string`` with ``replace_with``.</doc>
<msg timestamp="20210809 10:50:13.200" level="INFO">${suiteName} = Test-Case_Cadastro_usuario</msg>
<status status="PASS" starttime="20210809 10:50:13.199" endtime="20210809 10:50:13.200"/>
</kw>
<kw name="Replace String" library="String">
<var>${suiteName}</var>
<arg>${suiteName}</arg>
<arg>)</arg>
<arg>_</arg>
<doc>Replaces ``search_for`` in the given ``string`` with ``replace_with``.</doc>
<msg timestamp="20210809 10:50:13.200" level="INFO">${suiteName} = Test-Case_Cadastro_usuario</msg>
<status status="PASS" starttime="20210809 10:50:13.200" endtime="20210809 10:50:13.200"/>
</kw>
<kw name="Replace String" library="String">
<var>${suiteName}</var>
<arg>${suiteName}</arg>
<arg>\"</arg>
<arg>_</arg>
<doc>Replaces ``search_for`` in the given ``string`` with ``replace_with``.</doc>
<msg timestamp="20210809 10:50:13.201" level="INFO">${suiteName} = Test-Case_Cadastro_usuario</msg>
<status status="PASS" starttime="20210809 10:50:13.201" endtime="20210809 10:50:13.201"/>
</kw>
<kw name="Replace String" library="String">
<var>${suiteName}</var>
<arg>${suiteName}</arg>
<arg>:</arg>
<arg>_</arg>
<doc>Replaces ``search_for`` in the given ``string`` with ``replace_with``.</doc>
<msg timestamp="20210809 10:50:13.202" level="INFO">${suiteName} = Test-Case_Cadastro_usuario</msg>
<status status="PASS" starttime="20210809 10:50:13.202" endtime="20210809 10:50:13.202"/>
</kw>
<kw name="Replace String" library="String">
<var>${suiteName}</var>
<arg>${suiteName}</arg>
<arg>\'</arg>
<arg>_</arg>
<doc>Replaces ``search_for`` in the given ``string`` with ``replace_with``.</doc>
<msg timestamp="20210809 10:50:13.202" level="INFO">${suiteName} = Test-Case_Cadastro_usuario</msg>
<status status="PASS" starttime="20210809 10:50:13.202" endtime="20210809 10:50:13.203"/>
</kw>
<msg timestamp="20210809 10:50:13.203" level="INFO">${suite} = Test-Case_Cadastro_usuario</msg>
<status status="PASS" starttime="20210809 10:50:13.196" endtime="20210809 10:50:13.203"/>
</kw>
<kw name="Pegar o nome do test-case" library="resource">
<var>${teste}</var>
<kw name="Get Variable Value" library="BuiltIn">
<var>${testName}</var>
<arg>${TEST NAME}</arg>
<doc>Returns variable value or ``default`` if the variable does not exist.</doc>
<msg timestamp="20210809 10:50:13.204" level="INFO">${testName} = Cenario 2: Acessar formulario para novo cadastro</msg>
<status status="PASS" starttime="20210809 10:50:13.203" endtime="20210809 10:50:13.204"/>
</kw>
<kw name="Replace String" library="String">
<var>${testName}</var>
<arg>${testName}</arg>
<arg>${SPACE}</arg>
<arg>_</arg>
<doc>Replaces ``search_for`` in the given ``string`` with ``replace_with``.</doc>
<msg timestamp="20210809 10:50:13.204" level="INFO">${testName} = Cenario_2:_Acessar_formulario_para_novo_cadastro</msg>
<status status="PASS" starttime="20210809 10:50:13.204" endtime="20210809 10:50:13.205"/>
</kw>
<kw name="Replace String" library="String">
<var>${testName}</var>
<arg>${testName}</arg>
<arg>(</arg>
<arg>_</arg>
<doc>Replaces ``search_for`` in the given ``string`` with ``replace_with``.</doc>
<msg timestamp="20210809 10:50:13.205" level="INFO">${testName} = Cenario_2:_Acessar_formulario_para_novo_cadastro</msg>
<status status="PASS" starttime="20210809 10:50:13.205" endtime="20210809 10:50:13.205"/>
</kw>
<kw name="Replace String" library="String">
<var>${testName}</var>
<arg>${testName}</arg>
<arg>)</arg>
<arg>_</arg>
<doc>Replaces ``search_for`` in the given ``string`` with ``replace_with``.</doc>
<msg timestamp="20210809 10:50:13.206" level="INFO">${testName} = Cenario_2:_Acessar_formulario_para_novo_cadastro</msg>
<status status="PASS" starttime="20210809 10:50:13.206" endtime="20210809 10:50:13.206"/>
</kw>
<kw name="Replace String" library="String">
<var>${testName}</var>
<arg>${testName}</arg>
<arg>\"</arg>
<arg>_</arg>
<doc>Replaces ``search_for`` in the given ``string`` with ``replace_with``.</doc>
<msg timestamp="20210809 10:50:13.206" level="INFO">${testName} = Cenario_2:_Acessar_formulario_para_novo_cadastro</msg>
<status status="PASS" starttime="20210809 10:50:13.206" endtime="20210809 10:50:13.207"/>
</kw>
<kw name="Replace String" library="String">
<var>${testName}</var>
<arg>${testName}</arg>
<arg>:</arg>
<arg>_</arg>
<doc>Replaces ``search_for`` in the given ``string`` with ``replace_with``.</doc>
<msg timestamp="20210809 10:50:13.207" level="INFO">${testName} = Cenario_2__Acessar_formulario_para_novo_cadastro</msg>
<status status="PASS" starttime="20210809 10:50:13.207" endtime="20210809 10:50:13.207"/>
</kw>
<kw name="Replace String" library="String">
<var>${testName}</var>
<arg>${testName}</arg>
<arg>\'</arg>
<arg>_</arg>
<doc>Replaces ``search_for`` in the given ``string`` with ``replace_with``.</doc>
<msg timestamp="20210809 10:50:13.208" level="INFO">${testName} = Cenario_2__Acessar_formulario_para_novo_cadastro</msg>
<status status="PASS" starttime="20210809 10:50:13.207" endtime="20210809 10:50:13.208"/>
</kw>
<msg timestamp="20210809 10:50:13.208" level="INFO">${teste} = Cenario_2__Acessar_formulario_para_novo_cadastro</msg>
<status status="PASS" starttime="20210809 10:50:13.203" endtime="20210809 10:50:13.208"/>
</kw>
<kw name="Set Screenshot Directory" library="SeleniumLibrary">
<arg>results\\${suite}\\${teste}</arg>
<doc>Sets the directory for captured screenshots.</doc>
<status status="PASS" starttime="20210809 10:50:13.208" endtime="20210809 10:50:13.209"/>
</kw>
<kw name="Capture Page Screenshot" library="SeleniumLibrary">
<doc>Takes a screenshot of the current page and embeds it into a log file.</doc>
<msg timestamp="20210809 10:50:13.372" level="INFO" html="true">&lt;/td&gt;&lt;/tr&gt;&lt;tr&gt;&lt;td colspan="3"&gt;&lt;a href="Test-Case_Cadastro_usuario/Cenario_2__Acessar_formulario_para_novo_cadastro/selenium-screenshot-12.png"&gt;&lt;img src="Test-Case_Cadastro_usuario/Cenario_2__Acessar_formulario_para_novo_cadastro/selenium-screenshot-12.png" width="800px"&gt;&lt;/a&gt;</msg>
<status status="PASS" starttime="20210809 10:50:13.209" endtime="20210809 10:50:13.372"/>
</kw>
<status status="PASS" starttime="20210809 10:50:13.196" endtime="20210809 10:50:13.372"/>
</kw>
<status status="PASS" starttime="20210809 10:50:12.951" endtime="20210809 10:50:13.373"/>
</kw>
<kw name="Então é apresentado formulario de cadastro" library="cadastro">
<kw name="Element Should Contain" library="SeleniumLibrary">
<arg>${CADASTRO_NAVIGATION_PAGE}</arg>
<arg>Authentication</arg>
<doc>Verifies that element ``locator`` contains text ``expected``.</doc>
<msg timestamp="20210809 10:50:13.409" level="INFO">Element '//*[@class="navigation_page"]' contains text 'Authentication'.</msg>
<status status="PASS" starttime="20210809 10:50:13.374" endtime="20210809 10:50:13.409"/>
</kw>
<kw name="Gerar evidencia teste" library="resource">
<kw name="Pegar o nome da suite de teste" library="resource">
<var>${suite}</var>
<kw name="Get Variable Value" library="BuiltIn">
<var>${suiteName}</var>
<arg>${SUITE NAME}</arg>
<doc>Returns variable value or ``default`` if the variable does not exist.</doc>
<msg timestamp="20210809 10:50:13.410" level="INFO">${suiteName} = Test-Case.Cadastro usuario</msg>
<status status="PASS" starttime="20210809 10:50:13.410" endtime="20210809 10:50:13.410"/>
</kw>
<kw name="Replace String" library="String">
<var>${suiteName}</var>
<arg>${suiteName}</arg>
<arg>${SPACE}</arg>
<arg>_</arg>
<doc>Replaces ``search_for`` in the given ``string`` with ``replace_with``.</doc>
<msg timestamp="20210809 10:50:13.411" level="INFO">${suiteName} = Test-Case.Cadastro_usuario</msg>
<status status="PASS" starttime="20210809 10:50:13.411" endtime="20210809 10:50:13.411"/>
</kw>
<kw name="Replace String" library="String">
<var>${suiteName}</var>
<arg>${suiteName}</arg>
<arg>.</arg>
<arg>_</arg>
<doc>Replaces ``search_for`` in the given ``string`` with ``replace_with``.</doc>
<msg timestamp="20210809 10:50:13.412" level="INFO">${suiteName} = Test-Case_Cadastro_usuario</msg>
<status status="PASS" starttime="20210809 10:50:13.411" endtime="20210809 10:50:13.412"/>
</kw>
<kw name="Replace String" library="String">
<var>${suiteName}</var>
<arg>${suiteName}</arg>
<arg>(</arg>
<arg>_</arg>
<doc>Replaces ``search_for`` in the given ``string`` with ``replace_with``.</doc>
<msg timestamp="20210809 10:50:13.412" level="INFO">${suiteName} = Test-Case_Cadastro_usuario</msg>
<status status="PASS" starttime="20210809 10:50:13.412" endtime="20210809 10:50:13.412"/>
</kw>
<kw name="Replace String" library="String">
<var>${suiteName}</var>
<arg>${suiteName}</arg>
<arg>)</arg>
<arg>_</arg>
<doc>Replaces ``search_for`` in the given ``string`` with ``replace_with``.</doc>
<msg timestamp="20210809 10:50:13.413" level="INFO">${suiteName} = Test-Case_Cadastro_usuario</msg>
<status status="PASS" starttime="20210809 10:50:13.412" endtime="20210809 10:50:13.413"/>
</kw>
<kw name="Replace String" library="String">
<var>${suiteName}</var>
<arg>${suiteName}</arg>
<arg>\"</arg>
<arg>_</arg>
<doc>Replaces ``search_for`` in the given ``string`` with ``replace_with``.</doc>
<msg timestamp="20210809 10:50:13.414" level="INFO">${suiteName} = Test-Case_Cadastro_usuario</msg>
<status status="PASS" starttime="20210809 10:50:13.413" endtime="20210809 10:50:13.414"/>
</kw>
<kw name="Replace String" library="String">
<var>${suiteName}</var>
<arg>${suiteName}</arg>
<arg>:</arg>
<arg>_</arg>
<doc>Replaces ``search_for`` in the given ``string`` with ``replace_with``.</doc>
<msg timestamp="20210809 10:50:13.414" level="INFO">${suiteName} = Test-Case_Cadastro_usuario</msg>
<status status="PASS" starttime="20210809 10:50:13.414" endtime="20210809 10:50:13.414"/>
</kw>
<kw name="Replace String" library="String">
<var>${suiteName}</var>
<arg>${suiteName}</arg>
<arg>\'</arg>
<arg>_</arg>
<doc>Replaces ``search_for`` in the given ``string`` with ``replace_with``.</doc>
<msg timestamp="20210809 10:50:13.415" level="INFO">${suiteName} = Test-Case_Cadastro_usuario</msg>
<status status="PASS" starttime="20210809 10:50:13.414" endtime="20210809 10:50:13.415"/>
</kw>
<msg timestamp="20210809 10:50:13.415" level="INFO">${suite} = Test-Case_Cadastro_usuario</msg>
<status status="PASS" starttime="20210809 10:50:13.410" endtime="20210809 10:50:13.415"/>
</kw>
<kw name="Pegar o nome do test-case" library="resource">
<var>${teste}</var>
<kw name="Get Variable Value" library="BuiltIn">
<var>${testName}</var>
<arg>${TEST NAME}</arg>
<doc>Returns variable value or ``default`` if the variable does not exist.</doc>
<msg timestamp="20210809 10:50:13.416" level="INFO">${testName} = Cenario 2: Acessar formulario para novo cadastro</msg>
<status status="PASS" starttime="20210809 10:50:13.416" endtime="20210809 10:50:13.416"/>
</kw>
<kw name="Replace String" library="String">
<var>${testName}</var>
<arg>${testName}</arg>
<arg>${SPACE}</arg>
<arg>_</arg>
<doc>Replaces ``search_for`` in the given ``string`` with ``replace_with``.</doc>
<msg timestamp="20210809 10:50:13.417" level="INFO">${testName} = Cenario_2:_Acessar_formulario_para_novo_cadastro</msg>
<status status="PASS" starttime="20210809 10:50:13.416" endtime="20210809 10:50:13.417"/>
</kw>
<kw name="Replace String" library="String">
<var>${testName}</var>
<arg>${testName}</arg>
<arg>(</arg>
<arg>_</arg>
<doc>Replaces ``search_for`` in the given ``string`` with ``replace_with``.</doc>
<msg timestamp="20210809 10:50:13.417" level="INFO">${testName} = Cenario_2:_Acessar_formulario_para_novo_cadastro</msg>
<status status="PASS" starttime="20210809 10:50:13.417" endtime="20210809 10:50:13.417"/>
</kw>
<kw name="Replace String" library="String">
<var>${testName}</var>
<arg>${testName}</arg>
<arg>)</arg>
<arg>_</arg>
<doc>Replaces ``search_for`` in the given ``string`` with ``replace_with``.</doc>
<msg timestamp="20210809 10:50:13.418" level="INFO">${testName} = Cenario_2:_Acessar_formulario_para_novo_cadastro</msg>
<status status="PASS" starttime="20210809 10:50:13.417" endtime="20210809 10:50:13.418"/>
</kw>
<kw name="Replace String" library="String">
<var>${testName}</var>
<arg>${testName}</arg>
<arg>\"</arg>
<arg>_</arg>
<doc>Replaces ``search_for`` in the given ``string`` with ``replace_with``.</doc>
<msg timestamp="20210809 10:50:13.418" level="INFO">${testName} = Cenario_2:_Acessar_formulario_para_novo_cadastro</msg>
<status status="PASS" starttime="20210809 10:50:13.418" endtime="20210809 10:50:13.418"/>
</kw>
<kw name="Replace String" library="String">
<var>${testName}</var>
<arg>${testName}</arg>
<arg>:</arg>
<arg>_</arg>
<doc>Replaces ``search_for`` in the given ``string`` with ``replace_with``.</doc>
<msg timestamp="20210809 10:50:13.419" level="INFO">${testName} = Cenario_2__Acessar_formulario_para_novo_cadastro</msg>
<status status="PASS" starttime="20210809 10:50:13.418" endtime="20210809 10:50:13.419"/>
</kw>
<kw name="Replace String" library="String">
<var>${testName}</var>
<arg>${testName}</arg>
<arg>\'</arg>
<arg>_</arg>
<doc>Replaces ``search_for`` in the given ``string`` with ``replace_with``.</doc>
<msg timestamp="20210809 10:50:13.419" level="INFO">${testName} = Cenario_2__Acessar_formulario_para_novo_cadastro</msg>
<status status="PASS" starttime="20210809 10:50:13.419" endtime="20210809 10:50:13.419"/>
</kw>
<msg timestamp="20210809 10:50:13.419" level="INFO">${teste} = Cenario_2__Acessar_formulario_para_novo_cadastro</msg>
<status status="PASS" starttime="20210809 10:50:13.415" endtime="20210809 10:50:13.419"/>
</kw>
<kw name="Set Screenshot Directory" library="SeleniumLibrary">
<arg>results\\${suite}\\${teste}</arg>
<doc>Sets the directory for captured screenshots.</doc>
<status status="PASS" starttime="20210809 10:50:13.419" endtime="20210809 10:50:13.420"/>
</kw>
<kw name="Capture Page Screenshot" library="SeleniumLibrary">
<doc>Takes a screenshot of the current page and embeds it into a log file.</doc>
[...]
</kw>
<kw name="Replace String" library="String">
<var>${suiteName}</var>
<arg>${suiteName}</arg>
<arg>.</arg>
<arg>_</arg>
<doc>Replaces ``search_for`` in the given ``string`` with ``replace_with``.</doc>
<msg timestamp="20210809 10:52:33.752" level="INFO">${suiteName} = Test-Case_Logar</msg>
<status status="PASS" starttime="20210809 10:52:33.752" endtime="20210809 10:52:33.752"/>
</kw>
<kw name="Replace String" library="String">
<var>${suiteName}</var>
<arg>${suiteName}</arg>
<arg>(</arg>
<arg>_</arg>
<doc>Replaces ``search_for`` in the given ``string`` with ``replace_with``.</doc>
<msg timestamp="20210809 10:52:33.753" level="INFO">${suiteName} = Test-Case_Logar</msg>
<status status="PASS" starttime="20210809 10:52:33.753" endtime="20210809 10:52:33.753"/>
</kw>
<kw name="Replace String" library="String">
<var>${suiteName}</var>
<arg>${suiteName}</arg>
<arg>)</arg>
<arg>_</arg>
<doc>Replaces ``search_for`` in the given ``string`` with ``replace_with``.</doc>
<msg timestamp="20210809 10:52:33.753" level="INFO">${suiteName} = Test-Case_Logar</msg>
<status status="PASS" starttime="20210809 10:52:33.753" endtime="20210809 10:52:33.753"/>
</kw>
<kw name="Replace String" library="String">
<var>${suiteName}</var>
<arg>${suiteName}</arg>
<arg>\"</arg>
<arg>_</arg>
<doc>Replaces ``search_for`` in the given ``string`` with ``replace_with``.</doc>
<msg timestamp="20210809 10:52:33.753" level="INFO">${suiteName} = Test-Case_Logar</msg>
<status status="PASS" starttime="20210809 10:52:33.753" endtime="20210809 10:52:33.754"/>
</kw>
<kw name="Replace String" library="String">
<var>${suiteName}</var>
<arg>${suiteName}</arg>
<arg>:</arg>
<arg>_</arg>
<doc>Replaces ``search_for`` in the given ``string`` with ``replace_with``.</doc>
<msg timestamp="20210809 10:52:33.754" level="INFO">${suiteName} = Test-Case_Logar</msg>
<status status="PASS" starttime="20210809 10:52:33.754" endtime="20210809 10:52:33.754"/>
</kw>
<kw name="Replace String" library="String">
<var>${suiteName}</var>
<arg>${suiteName}</arg>
<arg>\'</arg>
<arg>_</arg>
<doc>Replaces ``search_for`` in the given ``string`` with ``replace_with``.</doc>
<msg timestamp="20210809 10:52:33.754" level="INFO">${suiteName} = Test-Case_Logar</msg>
<status status="PASS" starttime="20210809 10:52:33.754" endtime="20210809 10:52:33.754"/>
</kw>
<msg timestamp="20210809 10:52:33.755" level="INFO">${suite} = Test-Case_Logar</msg>
<status status="PASS" starttime="20210809 10:52:33.751" endtime="20210809 10:52:33.755"/>
</kw>
<kw name="Pegar o nome do test-case" library="resource">
<var>${teste}</var>
<kw name="Get Variable Value" library="BuiltIn">
<var>${testName}</var>
<arg>${TEST NAME}</arg>
<doc>Returns variable value or ``default`` if the variable does not exist.</doc>
<msg timestamp="20210809 10:52:33.755" level="INFO">${testName} = Cenario 2: Preencher os campos para logar com sucesso</msg>
<status status="PASS" starttime="20210809 10:52:33.755" endtime="20210809 10:52:33.755"/>
</kw>
<kw name="Replace String" library="String">
<var>${testName}</var>
<arg>${testName}</arg>
<arg>${SPACE}</arg>
<arg>_</arg>
<doc>Replaces ``search_for`` in the given ``string`` with ``replace_with``.</doc>
<msg timestamp="20210809 10:52:33.756" level="INFO">${testName} = Cenario_2:_Preencher_os_campos_para_logar_com_sucesso</msg>
<status status="PASS" starttime="20210809 10:52:33.755" endtime="20210809 10:52:33.756"/>
</kw>
<kw name="Replace String" library="String">
<var>${testName}</var>
<arg>${testName}</arg>
<arg>(</arg>
<arg>_</arg>
<doc>Replaces ``search_for`` in the given ``string`` with ``replace_with``.</doc>
<msg timestamp="20210809 10:52:33.757" level="INFO">${testName} = Cenario_2:_Preencher_os_campos_para_logar_com_sucesso</msg>
<status status="PASS" starttime="20210809 10:52:33.756" endtime="20210809 10:52:33.757"/>
</kw>
<kw name="Replace String" library="String">
<var>${testName}</var>
<arg>${testName}</arg>
<arg>)</arg>
<arg>_</arg>
<doc>Replaces ``search_for`` in the given ``string`` with ``replace_with``.</doc>
<msg timestamp="20210809 10:52:33.757" level="INFO">${testName} = Cenario_2:_Preencher_os_campos_para_logar_com_sucesso</msg>
<status status="PASS" starttime="20210809 10:52:33.757" endtime="20210809 10:52:33.757"/>
</kw>
<kw name="Replace String" library="String">
<var>${testName}</var>
<arg>${testName}</arg>
<arg>\"</arg>
<arg>_</arg>
<doc>Replaces ``search_for`` in the given ``string`` with ``replace_with``.</doc>
<msg timestamp="20210809 10:52:33.757" level="INFO">${testName} = Cenario_2:_Preencher_os_campos_para_logar_com_sucesso</msg>
<status status="PASS" starttime="20210809 10:52:33.757" endtime="20210809 10:52:33.758"/>
</kw>
<kw name="Replace String" library="String">
<var>${testName}</var>
<arg>${testName}</arg>
<arg>:</arg>
<arg>_</arg>
<doc>Replaces ``search_for`` in the given ``string`` with ``replace_with``.</doc>
<msg timestamp="20210809 10:52:33.758" level="INFO">${testName} = Cenario_2__Preencher_os_campos_para_logar_com_sucesso</msg>
<status status="PASS" starttime="20210809 10:52:33.758" endtime="20210809 10:52:33.758"/>
</kw>
<kw name="Replace String" library="String">
<var>${testName}</var>
<arg>${testName}</arg>
<arg>\'</arg>
<arg>_</arg>
<doc>Replaces ``search_for`` in the given ``string`` with ``replace_with``.</doc>
<msg timestamp="20210809 10:52:33.758" level="INFO">${testName} = Cenario_2__Preencher_os_campos_para_logar_com_sucesso</msg>
<status status="PASS" starttime="20210809 10:52:33.758" endtime="20210809 10:52:33.758"/>
</kw>
<msg timestamp="20210809 10:52:33.759" level="INFO">${teste} = Cenario_2__Preencher_os_campos_para_logar_com_sucesso</msg>
<status status="PASS" starttime="20210809 10:52:33.755" endtime="20210809 10:52:33.759"/>
</kw>
<kw name="Set Screenshot Directory" library="SeleniumLibrary">
<arg>results\\${suite}\\${teste}</arg>
<doc>Sets the directory for captured screenshots.</doc>
<status status="PASS" starttime="20210809 10:52:33.759" endtime="20210809 10:52:33.759"/>
</kw>
<kw name="Capture Page Screenshot" library="SeleniumLibrary">
<doc>Takes a screenshot of the current page and embeds it into a log file.</doc>
<msg timestamp="20210809 10:52:34.009" level="INFO" html="true">&lt;/td&gt;&lt;/tr&gt;&lt;tr&gt;&lt;td colspan="3"&gt;&lt;a href="Test-Case_Logar/Cenario_2__Preencher_os_campos_para_logar_com_sucesso/selenium-screenshot-1.png"&gt;&lt;img src="Test-Case_Logar/Cenario_2__Preencher_os_campos_para_logar_com_sucesso/selenium-screenshot-1.png" width="800px"&gt;&lt;/a&gt;</msg>
<status status="PASS" starttime="20210809 10:52:33.759" endtime="20210809 10:52:34.009"/>
</kw>
<status status="PASS" starttime="20210809 10:52:33.750" endtime="20210809 10:52:34.010"/>
</kw>
<status status="PASS" starttime="20210809 10:52:15.354" endtime="20210809 10:52:34.010"/>
</kw>
<kw name="Quando seleciono Sign" library="home">
<kw name="Click Element" library="SeleniumLibrary">
<arg>${HOME_BUTTON_SIGIN}</arg>
<doc>Click the element identified by ``locator``.</doc>
<msg timestamp="20210809 10:52:34.012" level="INFO">Clicking element 'xpath=//a[@class="login"]'.</msg>
<status status="PASS" starttime="20210809 10:52:34.011" endtime="20210809 10:52:34.268"/>
</kw>
<kw name="Set Selenium Implicit Wait" library="SeleniumLibrary">
<arg>5</arg>
<doc>Sets the implicit wait value used by Selenium.</doc>
<status status="PASS" starttime="20210809 10:52:34.268" endtime="20210809 10:52:34.270"/>
</kw>
<kw name="Gerar evidencia teste" library="resource">
<kw name="Pegar o nome da suite de teste" library="resource">
<var>${suite}</var>
<kw name="Get Variable Value" library="BuiltIn">
<var>${suiteName}</var>
<arg>${SUITE NAME}</arg>
<doc>Returns variable value or ``default`` if the variable does not exist.</doc>
<msg timestamp="20210809 10:52:34.271" level="INFO">${suiteName} = Test-Case.Logar</msg>
<status status="PASS" starttime="20210809 10:52:34.271" endtime="20210809 10:52:34.271"/>
</kw>
<kw name="Replace String" library="String">
<var>${suiteName}</var>
<arg>${suiteName}</arg>
<arg>${SPACE}</arg>
<arg>_</arg>
<doc>Replaces ``search_for`` in the given ``string`` with ``replace_with``.</doc>
<msg timestamp="20210809 10:52:34.272" level="INFO">${suiteName} = Test-Case.Logar</msg>
<status status="PASS" starttime="20210809 10:52:34.271" endtime="20210809 10:52:34.272"/>
</kw>
<kw name="Replace String" library="String">
<var>${suiteName}</var>
<arg>${suiteName}</arg>
<arg>.</arg>
<arg>_</arg>
<doc>Replaces ``search_for`` in the given ``string`` with ``replace_with``.</doc>
<msg timestamp="20210809 10:52:34.272" level="INFO">${suiteName} = Test-Case_Logar</msg>
<status status="PASS" starttime="20210809 10:52:34.272" endtime="20210809 10:52:34.272"/>
</kw>
<kw name="Replace String" library="String">
<var>${suiteName}</var>
<arg>${suiteName}</arg>
<arg>(</arg>
<arg>_</arg>
<doc>Replaces ``search_for`` in the given ``string`` with ``replace_with``.</doc>
<msg timestamp="20210809 10:52:34.272" level="INFO">${suiteName} = Test-Case_Logar</msg>
<status status="PASS" starttime="20210809 10:52:34.272" endtime="20210809 10:52:34.272"/>
</kw>
<kw name="Replace String" library="String">
<var>${suiteName}</var>
<arg>${suiteName}</arg>
<arg>)</arg>
<arg>_</arg>
<doc>Replaces ``search_for`` in the given ``string`` with ``replace_with``.</doc>
<msg timestamp="20210809 10:52:34.273" level="INFO">${suiteName} = Test-Case_Logar</msg>
<status status="PASS" starttime="20210809 10:52:34.272" endtime="20210809 10:52:34.273"/>
</kw>
<kw name="Replace String" library="String">
<var>${suiteName}</var>
<arg>${suiteName}</arg>
<arg>\"</arg>
<arg>_</arg>
<doc>Replaces ``search_for`` in the given ``string`` with ``replace_with``.</doc>
<msg timestamp="20210809 10:52:34.273" level="INFO">${suiteName} = Test-Case_Logar</msg>
<status status="PASS" starttime="20210809 10:52:34.273" endtime="20210809 10:52:34.273"/>
</kw>
<kw name="Replace String" library="String">
<var>${suiteName}</var>
<arg>${suiteName}</arg>
<arg>:</arg>
<arg>_</arg>
<doc>Replaces ``search_for`` in the given ``string`` with ``replace_with``.</doc>
<msg timestamp="20210809 10:52:34.273" level="INFO">${suiteName} = Test-Case_Logar</msg>
<status status="PASS" starttime="20210809 10:52:34.273" endtime="20210809 10:52:34.273"/>
</kw>
<kw name="Replace String" library="String">
<var>${suiteName}</var>
<arg>${suiteName}</arg>
<arg>\'</arg>
<arg>_</arg>
<doc>Replaces ``search_for`` in the given ``string`` with ``replace_with``.</doc>
<msg timestamp="20210809 10:52:34.274" level="INFO">${suiteName} = Test-Case_Logar</msg>
<status status="PASS" starttime="20210809 10:52:34.273" endtime="20210809 10:52:34.274"/>
</kw>
<msg timestamp="20210809 10:52:34.274" level="INFO">${suite} = Test-Case_Logar</msg>
<status status="PASS" starttime="20210809 10:52:34.270" endtime="20210809 10:52:34.274"/>
</kw>
<kw name="Pegar o nome do test-case" library="resource">
<var>${teste}</var>
<kw name="Get Variable Value" library="BuiltIn">
<var>${testName}</var>
<arg>${TEST NAME}</arg>
<doc>Returns variable value or ``default`` if the variable does not exist.</doc>
<msg timestamp="20210809 10:52:34.275" level="INFO">${testName} = Cenario 2: Preencher os campos para logar com sucesso</msg>
<status status="PASS" starttime="20210809 10:52:34.274" endtime="20210809 10:52:34.275"/>
</kw>
<kw name="Replace String" library="String">
<var>${testName}</var>
<arg>${testName}</arg>
<arg>${SPACE}</arg>
<arg>_</arg>
<doc>Replaces ``search_for`` in the given ``string`` with ``replace_with``.</doc>
<msg timestamp="20210809 10:52:34.275" level="INFO">${testName} = Cenario_2:_Preencher_os_campos_para_logar_com_sucesso</msg>
<status status="PASS" starttime="20210809 10:52:34.275" endtime="20210809 10:52:34.275"/>
</kw>
<kw name="Replace String" library="String">
<var>${testName}</var>
<arg>${testName}</arg>
<arg>(</arg>
<arg>_</arg>
<doc>Replaces ``search_for`` in the given ``string`` with ``replace_with``.</doc>
<msg timestamp="20210809 10:52:34.276" level="INFO">${testName} = Cenario_2:_Preencher_os_campos_para_logar_com_sucesso</msg>
<status status="PASS" starttime="20210809 10:52:34.275" endtime="20210809 10:52:34.276"/>
</kw>
<kw name="Replace String" library="String">
<var>${testName}</var>
<arg>${testName}</arg>
<arg>)</arg>
<arg>_</arg>
<doc>Replaces ``search_for`` in the given ``string`` with ``replace_with``.</doc>
<msg timestamp="20210809 10:52:34.277" level="INFO">${testName} = Cenario_2:_Preencher_os_campos_para_logar_com_sucesso</msg>
<status status="PASS" starttime="20210809 10:52:34.276" endtime="20210809 10:52:34.277"/>
</kw>
<kw name="Replace String" library="String">
<var>${testName}</var>
<arg>${testName}</arg>
<arg>\"</arg>
<arg>_</arg>
<doc>Replaces ``search_for`` in the given ``string`` with ``replace_with``.</doc>
<msg timestamp="20210809 10:52:34.278" level="INFO">${testName} = Cenario_2:_Preencher_os_campos_para_logar_com_sucesso</msg>
<status status="PASS" starttime="20210809 10:52:34.277" endtime="20210809 10:52:34.278"/>
</kw>
<kw name="Replace String" library="String">
<var>${testName}</var>
<arg>${testName}</arg>
<arg>:</arg>
<arg>_</arg>
<doc>Replaces ``search_for`` in the given ``string`` with ``replace_with``.</doc>
<msg timestamp="20210809 10:52:34.278" level="INFO">${testName} = Cenario_2__Preencher_os_campos_para_logar_com_sucesso</msg>
<status status="PASS" starttime="20210809 10:52:34.278" endtime="20210809 10:52:34.278"/>
</kw>
<kw name="Replace String" library="String">
<var>${testName}</var>
<arg>${testName}</arg>
<arg>\'</arg>
<arg>_</arg>
<doc>Replaces ``search_for`` in the given ``string`` with ``replace_with``.</doc>
<msg timestamp="20210809 10:52:34.279" level="INFO">${testName} = Cenario_2__Preencher_os_campos_para_logar_com_sucesso</msg>
<status status="PASS" starttime="20210809 10:52:34.278" endtime="20210809 10:52:34.279"/>
</kw>
<msg timestamp="20210809 10:52:34.279" level="INFO">${teste} = Cenario_2__Preencher_os_campos_para_logar_com_sucesso</msg>
<status status="PASS" starttime="20210809 10:52:34.274" endtime="20210809 10:52:34.279"/>
</kw>
<kw name="Set Screenshot Directory" library="SeleniumLibrary">
<arg>results\\${suite}\\${teste}</arg>
<doc>Sets the directory for captured screenshots.</doc>
<status status="PASS" starttime="20210809 10:52:34.279" endtime="20210809 10:52:34.279"/>
</kw>
<kw name="Capture Page Screenshot" library="SeleniumLibrary">
<doc>Takes a screenshot of the current page and embeds it into a log file.</doc>
<msg timestamp="20210809 10:52:34.368" level="INFO" html="true">&lt;/td&gt;&lt;/tr&gt;&lt;tr&gt;&lt;td colspan="3"&gt;&lt;a href="Test-Case_Logar/Cenario_2__Preencher_os_campos_para_logar_com_sucesso/selenium-screenshot-2.png"&gt;&lt;img src="Test-Case_Logar/Cenario_2__Preencher_os_campos_para_logar_com_sucesso/selenium-screenshot-2.png" width="800px"&gt;&lt;/a&gt;</msg>
<status status="PASS" starttime="20210809 10:52:34.280" endtime="20210809 10:52:34.368"/>
</kw>
<status status="PASS" starttime="20210809 10:52:34.270" endtime="20210809 10:52:34.368"/>
</kw>
<status status="PASS" starttime="20210809 10:52:34.010" endtime="20210809 10:52:34.369"/>
</kw>
<kw name="Entao E Apresentada Tela De Sign" library="Sign">
<kw name="Element Should Contain" library="SeleniumLibrary">
<arg>${Sign-IN_PAGE_HEAD}</arg>
<arg>AUTHENTICATION</arg>
<doc>Verifies that element ``locator`` contains text ``expected``.</doc>
<kw name="Capture Page Screenshot" library="SeleniumLibrary">
<doc>Takes a screenshot of the current page and embeds it into a log file.</doc>
<msg timestamp="20210809 10:52:39.545" level="INFO" html="true">&lt;/td&gt;&lt;/tr&gt;&lt;tr&gt;&lt;td colspan="3"&gt;&lt;a href="Test-Case_Logar/Cenario_2__Preencher_os_campos_para_logar_com_sucesso/selenium-screenshot-3.png"&gt;&lt;img src="Test-Case_Logar/Cenario_2__Preencher_os_campos_para_logar_com_sucesso/selenium-screenshot-3.png" width="800px"&gt;&lt;/a&gt;</msg>
<status status="PASS" starttime="20210809 10:52:39.441" endtime="20210809 10:52:39.545"/>
</kw>
<msg timestamp="20210809 10:52:39.550" level="FAIL">Element with locator 'xpath=//*[@class="page-heading"]' not found.</msg>
<status status="FAIL" starttime="20210809 10:52:34.370" endtime="20210809 10:52:39.550"/>
</kw>
<kw name="Set Selenium Implicit Wait" library="SeleniumLibrary">
<arg>5</arg>
<doc>Sets the implicit wait value used by Selenium.</doc>
<status status="NOT RUN" starttime="20210809 10:52:39.551" endtime="20210809 10:52:39.551"/>
</kw>
<kw name="Generate Random String" library="String">
<var>${text}</var>
<arg>8</arg>
<doc>Generates a string with a desired ``length`` from the given ``chars``.</doc>
<status status="NOT RUN" starttime="20210809 10:52:39.551" endtime="20210809 10:52:39.551"/>
</kw>
<kw name="Capture Page Screenshot" library="SeleniumLibrary">
<arg>${text}.png</arg>
<doc>Takes a screenshot of the current page and embeds it into a log file.</doc>
<status status="NOT RUN" starttime="20210809 10:52:39.551" endtime="20210809 10:52:39.551"/>
</kw>
<kw name="Gerar evidencia teste" library="resource">
<status status="NOT RUN" starttime="20210809 10:52:39.551" endtime="20210809 10:52:39.551"/>
</kw>
<status status="FAIL" starttime="20210809 10:52:34.369" endtime="20210809 10:52:39.551"/>
</kw>
<kw name="Gerar evidencia teste" library="resource">
<status status="NOT RUN" starttime="20210809 10:52:39.551" endtime="20210809 10:52:39.551"/>
</kw>
<status status="FAIL" starttime="20210809 10:52:15.354" endtime="20210809 10:52:39.551"/>
</kw>
<kw name="Sign.Quando preencho os campos email &quot;fernando.oliveira@riachuelo.com.br&quot; e senha &quot;abacaxi&quot;" library="Sign" sourcename="Sign.Quando preencho os campos email &quot;${e-mail}&quot; e senha &quot;${senha}&quot;">
<status status="NOT RUN" starttime="20210809 10:52:39.553" endtime="20210809 10:52:39.553"/>
</kw>
<kw name="Então é exibido o nome do Usuário no cabeçalho &quot;Fernando Oliveira&quot;" library="Sign" sourcename="Então é exibido o nome do Usuário no cabeçalho &quot;${nomeCabecalho}&quot;">
<status status="NOT RUN" starttime="20210809 10:52:39.553" endtime="20210809 10:52:39.553"/>
</kw>
<kw name="Fechar navegador" library="resource" type="TEARDOWN">
<kw name="Capture Page Screenshot" library="SeleniumLibrary">
<doc>Takes a screenshot of the current page and embeds it into a log file.</doc>
<msg timestamp="20210809 10:52:39.625" level="INFO" html="true">&lt;/td&gt;&lt;/tr&gt;&lt;tr&gt;&lt;td colspan="3"&gt;&lt;a href="Test-Case_Logar/Cenario_2__Preencher_os_campos_para_logar_com_sucesso/selenium-screenshot-4.png"&gt;&lt;img src="Test-Case_Logar/Cenario_2__Preencher_os_campos_para_logar_com_sucesso/selenium-screenshot-4.png" width="800px"&gt;&lt;/a&gt;</msg>
<status status="PASS" starttime="20210809 10:52:39.554" endtime="20210809 10:52:39.625"/>
</kw>
<kw name="Close Browser" library="SeleniumLibrary">
<doc>Closes the current browser.</doc>
<status status="PASS" starttime="20210809 10:52:39.626" endtime="20210809 10:52:42.051"/>
</kw>
<status status="PASS" starttime="20210809 10:52:39.554" endtime="20210809 10:52:42.051"/>
</kw>
<status status="FAIL" starttime="20210809 10:52:13.343" endtime="20210809 10:52:42.052">Element with locator 'xpath=//*[@class="page-heading"]' not found.</status>
</test>
<status status="FAIL" starttime="20210809 10:51:38.273" endtime="20210809 10:52:42.055"/>
</suite>
<status status="FAIL" starttime="20210809 10:49:49.137" endtime="20210809 10:52:42.059"/>
</suite>
<statistics>
<total>
<stat pass="8" fail="3" skip="0">All Tests</stat>
</total>
<tag>
</tag>
<suite>
<stat pass="8" fail="3" skip="0" id="s1" name="Test-Case">Test-Case</stat>
<stat pass="2" fail="1" skip="0" id="s1-s1" name="Cadastro usuario">Test-Case.Cadastro usuario</stat>
<stat pass="2" fail="1" skip="0" id="s1-s2" name="Consultar produto">Test-Case.Consultar produto</stat>
<stat pass="3" fail="0" skip="0" id="s1-s3" name="ContactUs">Test-Case.ContactUs</stat>
<stat pass="1" fail="1" skip="0" id="s1-s4" name="Logar">Test-Case.Logar</stat>
</suite>
</statistics>
<errors>
</errors>
</robot>
